{"/Users/matthias/github/messages.app-mcp/scripts/doctor.mjs": {"path":"/Users/matthias/github/messages.app-mcp/scripts/doctor.mjs","all":true,"statementMap":{"0":{"start":{"line":1,"column":0},"end":{"line":1,"column":19}},"1":{"start":{"line":2,"column":0},"end":{"line":2,"column":55}},"2":{"start":{"line":3,"column":0},"end":{"line":3,"column":44}},"3":{"start":{"line":4,"column":0},"end":{"line":4,"column":36}},"5":{"start":{"line":6,"column":0},"end":{"line":6,"column":57}},"7":{"start":{"line":8,"column":0},"end":{"line":8,"column":34}},"8":{"start":{"line":9,"column":0},"end":{"line":9,"column":40}},"10":{"start":{"line":11,"column":0},"end":{"line":11,"column":23}},"11":{"start":{"line":12,"column":0},"end":{"line":12,"column":63}},"12":{"start":{"line":13,"column":0},"end":{"line":13,"column":29}},"13":{"start":{"line":14,"column":0},"end":{"line":14,"column":56}},"14":{"start":{"line":15,"column":0},"end":{"line":15,"column":19}},"15":{"start":{"line":16,"column":0},"end":{"line":16,"column":3}},"16":{"start":{"line":17,"column":0},"end":{"line":17,"column":65}},"17":{"start":{"line":18,"column":0},"end":{"line":18,"column":40}},"18":{"start":{"line":19,"column":0},"end":{"line":19,"column":72}},"19":{"start":{"line":20,"column":0},"end":{"line":20,"column":19}},"20":{"start":{"line":21,"column":0},"end":{"line":21,"column":3}},"21":{"start":{"line":22,"column":0},"end":{"line":22,"column":7}},"22":{"start":{"line":23,"column":0},"end":{"line":23,"column":36}},"23":{"start":{"line":24,"column":0},"end":{"line":24,"column":19}},"24":{"start":{"line":25,"column":0},"end":{"line":25,"column":50}},"25":{"start":{"line":26,"column":0},"end":{"line":26,"column":12}},"26":{"start":{"line":27,"column":0},"end":{"line":27,"column":33}},"27":{"start":{"line":28,"column":0},"end":{"line":28,"column":33}},"28":{"start":{"line":29,"column":0},"end":{"line":29,"column":31}},"29":{"start":{"line":30,"column":0},"end":{"line":30,"column":59}},"30":{"start":{"line":31,"column":0},"end":{"line":31,"column":7}},"31":{"start":{"line":32,"column":0},"end":{"line":32,"column":5}},"32":{"start":{"line":33,"column":0},"end":{"line":33,"column":35}},"33":{"start":{"line":34,"column":0},"end":{"line":34,"column":15}},"34":{"start":{"line":35,"column":0},"end":{"line":35,"column":79}},"35":{"start":{"line":36,"column":0},"end":{"line":36,"column":19}},"36":{"start":{"line":37,"column":0},"end":{"line":37,"column":3}},"37":{"start":{"line":38,"column":0},"end":{"line":38,"column":1}},"39":{"start":{"line":40,"column":0},"end":{"line":40,"column":6}}},"s":{"0":0,"1":0,"2":0,"3":0,"5":0,"7":0,"8":0,"10":0,"11":0,"12":0,"13":0,"14":0,"15":0,"16":0,"17":0,"18":0,"19":0,"20":0,"21":0,"22":0,"23":0,"24":0,"25":0,"26":0,"27":0,"28":0,"29":0,"30":0,"31":0,"32":0,"33":0,"34":0,"35":0,"36":0,"37":0,"39":0},"branchMap":{"0":{"type":"branch","line":1,"loc":{"start":{"line":1,"column":0},"end":{"line":40,"column":-365}},"locations":[{"start":{"line":1,"column":0},"end":{"line":40,"column":-365}}]}},"b":{"0":[0]},"fnMap":{"0":{"name":"(empty-report)","decl":{"start":{"line":1,"column":0},"end":{"line":40,"column":-365}},"loc":{"start":{"line":1,"column":0},"end":{"line":40,"column":-365}},"line":1}},"f":{"0":0}}
,"/Users/matthias/github/messages.app-mcp/scripts/send.mjs": {"path":"/Users/matthias/github/messages.app-mcp/scripts/send.mjs","all":true,"statementMap":{"0":{"start":{"line":1,"column":0},"end":{"line":1,"column":19}},"1":{"start":{"line":2,"column":0},"end":{"line":2,"column":68}},"2":{"start":{"line":3,"column":0},"end":{"line":3,"column":55}},"3":{"start":{"line":4,"column":0},"end":{"line":4,"column":44}},"4":{"start":{"line":5,"column":0},"end":{"line":5,"column":36}},"6":{"start":{"line":7,"column":0},"end":{"line":7,"column":57}},"8":{"start":{"line":9,"column":0},"end":{"line":9,"column":35}},"9":{"start":{"line":10,"column":0},"end":{"line":10,"column":27}},"10":{"start":{"line":11,"column":0},"end":{"line":11,"column":32}},"11":{"start":{"line":12,"column":0},"end":{"line":12,"column":48}},"12":{"start":{"line":13,"column":0},"end":{"line":13,"column":29}},"13":{"start":{"line":14,"column":0},"end":{"line":14,"column":42}},"14":{"start":{"line":15,"column":0},"end":{"line":15,"column":34}},"15":{"start":{"line":16,"column":0},"end":{"line":16,"column":3}},"16":{"start":{"line":17,"column":0},"end":{"line":17,"column":49}},"17":{"start":{"line":18,"column":0},"end":{"line":18,"column":46}},"18":{"start":{"line":19,"column":0},"end":{"line":19,"column":14}},"19":{"start":{"line":20,"column":0},"end":{"line":20,"column":17}},"20":{"start":{"line":21,"column":0},"end":{"line":21,"column":31}},"21":{"start":{"line":22,"column":0},"end":{"line":22,"column":24}},"22":{"start":{"line":23,"column":0},"end":{"line":23,"column":48}},"23":{"start":{"line":24,"column":0},"end":{"line":24,"column":40}},"24":{"start":{"line":25,"column":0},"end":{"line":25,"column":12}},"25":{"start":{"line":26,"column":0},"end":{"line":26,"column":12}},"26":{"start":{"line":27,"column":0},"end":{"line":27,"column":18}},"27":{"start":{"line":28,"column":0},"end":{"line":28,"column":5}},"28":{"start":{"line":29,"column":0},"end":{"line":29,"column":3}},"29":{"start":{"line":30,"column":0},"end":{"line":30,"column":15}},"30":{"start":{"line":31,"column":0},"end":{"line":31,"column":1}},"32":{"start":{"line":33,"column":0},"end":{"line":33,"column":29}},"33":{"start":{"line":34,"column":0},"end":{"line":34,"column":62}},"34":{"start":{"line":35,"column":0},"end":{"line":35,"column":21}},"35":{"start":{"line":36,"column":0},"end":{"line":36,"column":45}},"36":{"start":{"line":37,"column":0},"end":{"line":37,"column":43}},"37":{"start":{"line":38,"column":0},"end":{"line":38,"column":50}},"38":{"start":{"line":39,"column":0},"end":{"line":39,"column":42}},"39":{"start":{"line":40,"column":0},"end":{"line":40,"column":29}},"40":{"start":{"line":41,"column":0},"end":{"line":41,"column":17}},"41":{"start":{"line":42,"column":0},"end":{"line":42,"column":1}},"43":{"start":{"line":44,"column":0},"end":{"line":44,"column":23}},"44":{"start":{"line":45,"column":0},"end":{"line":45,"column":36}},"45":{"start":{"line":46,"column":0},"end":{"line":46,"column":67}},"46":{"start":{"line":47,"column":0},"end":{"line":47,"column":18}},"47":{"start":{"line":48,"column":0},"end":{"line":48,"column":49}},"48":{"start":{"line":49,"column":0},"end":{"line":49,"column":15}},"49":{"start":{"line":50,"column":0},"end":{"line":50,"column":16}},"50":{"start":{"line":51,"column":0},"end":{"line":51,"column":3}},"51":{"start":{"line":52,"column":0},"end":{"line":52,"column":27}},"52":{"start":{"line":53,"column":0},"end":{"line":53,"column":28}},"53":{"start":{"line":54,"column":0},"end":{"line":54,"column":40}},"54":{"start":{"line":55,"column":0},"end":{"line":55,"column":85}},"55":{"start":{"line":56,"column":0},"end":{"line":56,"column":19}},"56":{"start":{"line":57,"column":0},"end":{"line":57,"column":3}},"57":{"start":{"line":58,"column":0},"end":{"line":58,"column":29}},"59":{"start":{"line":60,"column":0},"end":{"line":60,"column":69}},"60":{"start":{"line":61,"column":0},"end":{"line":61,"column":30}},"61":{"start":{"line":62,"column":0},"end":{"line":62,"column":56}},"62":{"start":{"line":63,"column":0},"end":{"line":63,"column":19}},"63":{"start":{"line":64,"column":0},"end":{"line":64,"column":3}},"65":{"start":{"line":66,"column":0},"end":{"line":66,"column":56}},"66":{"start":{"line":67,"column":0},"end":{"line":67,"column":40}},"67":{"start":{"line":68,"column":0},"end":{"line":68,"column":53}},"68":{"start":{"line":69,"column":0},"end":{"line":69,"column":85}},"69":{"start":{"line":70,"column":0},"end":{"line":70,"column":19}},"70":{"start":{"line":71,"column":0},"end":{"line":71,"column":3}},"72":{"start":{"line":73,"column":0},"end":{"line":73,"column":7}},"73":{"start":{"line":74,"column":0},"end":{"line":74,"column":53}},"74":{"start":{"line":75,"column":0},"end":{"line":75,"column":74}},"75":{"start":{"line":76,"column":0},"end":{"line":76,"column":15}},"76":{"start":{"line":77,"column":0},"end":{"line":77,"column":106}},"77":{"start":{"line":78,"column":0},"end":{"line":78,"column":19}},"78":{"start":{"line":79,"column":0},"end":{"line":79,"column":3}},"79":{"start":{"line":80,"column":0},"end":{"line":80,"column":1}},"81":{"start":{"line":82,"column":0},"end":{"line":82,"column":6}}},"s":{"0":0,"1":0,"2":0,"3":0,"4":0,"6":0,"8":0,"9":0,"10":0,"11":0,"12":0,"13":0,"14":0,"15":0,"16":0,"17":0,"18":0,"19":0,"20":0,"21":0,"22":0,"23":0,"24":0,"25":0,"26":0,"27":0,"28":0,"29":0,"30":0,"32":0,"33":0,"34":0,"35":0,"36":0,"37":0,"38":0,"39":0,"40":0,"41":0,"43":0,"44":0,"45":0,"46":0,"47":0,"48":0,"49":0,"50":0,"51":0,"52":0,"53":0,"54":0,"55":0,"56":0,"57":0,"59":0,"60":0,"61":0,"62":0,"63":0,"65":0,"66":0,"67":0,"68":0,"69":0,"70":0,"72":0,"73":0,"74":0,"75":0,"76":0,"77":0,"78":0,"79":0,"81":0},"branchMap":{"0":{"type":"branch","line":1,"loc":{"start":{"line":1,"column":0},"end":{"line":82,"column":-387}},"locations":[{"start":{"line":1,"column":0},"end":{"line":82,"column":-387}}]}},"b":{"0":[0]},"fnMap":{"0":{"name":"(empty-report)","decl":{"start":{"line":1,"column":0},"end":{"line":82,"column":-387}},"loc":{"start":{"line":1,"column":0},"end":{"line":82,"column":-387}},"line":1}},"f":{"0":0}}
,"/Users/matthias/github/messages.app-mcp/src/index.ts": {"path":"/Users/matthias/github/messages.app-mcp/src/index.ts","all":true,"statementMap":{"1":{"start":{"line":2,"column":0},"end":{"line":2,"column":41}},"2":{"start":{"line":3,"column":0},"end":{"line":3,"column":37}},"3":{"start":{"line":4,"column":0},"end":{"line":4,"column":63}},"4":{"start":{"line":5,"column":0},"end":{"line":5,"column":24}},"5":{"start":{"line":6,"column":0},"end":{"line":6,"column":81}},"6":{"start":{"line":7,"column":0},"end":{"line":7,"column":99}},"7":{"start":{"line":8,"column":0},"end":{"line":8,"column":77}},"8":{"start":{"line":9,"column":0},"end":{"line":9,"column":68}},"9":{"start":{"line":10,"column":0},"end":{"line":10,"column":73}},"10":{"start":{"line":11,"column":0},"end":{"line":11,"column":24}},"11":{"start":{"line":12,"column":0},"end":{"line":12,"column":127}},"12":{"start":{"line":13,"column":0},"end":{"line":13,"column":8}},"24":{"start":{"line":25,"column":0},"end":{"line":25,"column":90}},"26":{"start":{"line":27,"column":0},"end":{"line":27,"column":72}},"27":{"start":{"line":28,"column":0},"end":{"line":28,"column":46}},"30":{"start":{"line":31,"column":0},"end":{"line":31,"column":36}},"31":{"start":{"line":32,"column":0},"end":{"line":32,"column":43}},"32":{"start":{"line":33,"column":0},"end":{"line":33,"column":1}},"34":{"start":{"line":35,"column":0},"end":{"line":35,"column":51}},"35":{"start":{"line":36,"column":0},"end":{"line":36,"column":28}},"36":{"start":{"line":37,"column":0},"end":{"line":37,"column":32}},"37":{"start":{"line":38,"column":0},"end":{"line":38,"column":49}},"38":{"start":{"line":39,"column":0},"end":{"line":39,"column":30}},"39":{"start":{"line":40,"column":0},"end":{"line":40,"column":43}},"40":{"start":{"line":41,"column":0},"end":{"line":41,"column":35}},"41":{"start":{"line":42,"column":0},"end":{"line":42,"column":3}},"42":{"start":{"line":43,"column":0},"end":{"line":43,"column":50}},"43":{"start":{"line":44,"column":0},"end":{"line":44,"column":47}},"44":{"start":{"line":45,"column":0},"end":{"line":45,"column":15}},"45":{"start":{"line":46,"column":0},"end":{"line":46,"column":18}},"46":{"start":{"line":47,"column":0},"end":{"line":47,"column":31}},"47":{"start":{"line":48,"column":0},"end":{"line":48,"column":24}},"48":{"start":{"line":49,"column":0},"end":{"line":49,"column":49}},"49":{"start":{"line":50,"column":0},"end":{"line":50,"column":41}},"50":{"start":{"line":51,"column":0},"end":{"line":51,"column":13}},"51":{"start":{"line":52,"column":0},"end":{"line":52,"column":12}},"52":{"start":{"line":53,"column":0},"end":{"line":53,"column":19}},"53":{"start":{"line":54,"column":0},"end":{"line":54,"column":5}},"54":{"start":{"line":55,"column":0},"end":{"line":55,"column":3}},"55":{"start":{"line":56,"column":0},"end":{"line":56,"column":16}},"56":{"start":{"line":57,"column":0},"end":{"line":57,"column":1}},"58":{"start":{"line":59,"column":0},"end":{"line":59,"column":46}},"59":{"start":{"line":60,"column":0},"end":{"line":60,"column":63}},"60":{"start":{"line":61,"column":0},"end":{"line":61,"column":22}},"61":{"start":{"line":62,"column":0},"end":{"line":62,"column":46}},"62":{"start":{"line":63,"column":0},"end":{"line":63,"column":44}},"63":{"start":{"line":64,"column":0},"end":{"line":64,"column":51}},"64":{"start":{"line":65,"column":0},"end":{"line":65,"column":43}},"65":{"start":{"line":66,"column":0},"end":{"line":66,"column":30}},"66":{"start":{"line":67,"column":0},"end":{"line":67,"column":18}},"67":{"start":{"line":68,"column":0},"end":{"line":68,"column":1}},"70":{"start":{"line":71,"column":0},"end":{"line":71,"column":32}},"71":{"start":{"line":72,"column":0},"end":{"line":72,"column":53}},"72":{"start":{"line":73,"column":0},"end":{"line":73,"column":23}},"73":{"start":{"line":74,"column":0},"end":{"line":74,"column":36}},"74":{"start":{"line":75,"column":0},"end":{"line":75,"column":50}},"75":{"start":{"line":76,"column":0},"end":{"line":76,"column":1}},"77":{"start":{"line":78,"column":0},"end":{"line":78,"column":54}},"78":{"start":{"line":79,"column":0},"end":{"line":79,"column":61}},"79":{"start":{"line":80,"column":0},"end":{"line":80,"column":1}},"87":{"start":{"line":88,"column":0},"end":{"line":88,"column":61}},"88":{"start":{"line":89,"column":0},"end":{"line":89,"column":61}},"89":{"start":{"line":90,"column":0},"end":{"line":90,"column":46}},"90":{"start":{"line":91,"column":0},"end":{"line":91,"column":3}},"91":{"start":{"line":92,"column":0},"end":{"line":92,"column":61}},"92":{"start":{"line":93,"column":0},"end":{"line":93,"column":44}},"93":{"start":{"line":94,"column":0},"end":{"line":94,"column":3}},"94":{"start":{"line":95,"column":0},"end":{"line":95,"column":61}},"95":{"start":{"line":96,"column":0},"end":{"line":96,"column":52}},"96":{"start":{"line":97,"column":0},"end":{"line":97,"column":3}},"97":{"start":{"line":98,"column":0},"end":{"line":98,"column":18}},"98":{"start":{"line":99,"column":0},"end":{"line":99,"column":1}},"100":{"start":{"line":101,"column":0},"end":{"line":101,"column":78}},"101":{"start":{"line":102,"column":0},"end":{"line":102,"column":10}},"102":{"start":{"line":103,"column":0},"end":{"line":103,"column":47}},"103":{"start":{"line":104,"column":0},"end":{"line":104,"column":47}},"104":{"start":{"line":105,"column":0},"end":{"line":105,"column":47}},"105":{"start":{"line":106,"column":0},"end":{"line":106,"column":39}},"106":{"start":{"line":107,"column":0},"end":{"line":107,"column":4}},"107":{"start":{"line":108,"column":0},"end":{"line":108,"column":1}},"109":{"start":{"line":110,"column":0},"end":{"line":110,"column":53}},"110":{"start":{"line":111,"column":0},"end":{"line":111,"column":17}},"111":{"start":{"line":112,"column":0},"end":{"line":112,"column":50}},"112":{"start":{"line":113,"column":0},"end":{"line":113,"column":50}},"113":{"start":{"line":114,"column":0},"end":{"line":114,"column":48}},"114":{"start":{"line":115,"column":0},"end":{"line":115,"column":4}},"115":{"start":{"line":116,"column":0},"end":{"line":116,"column":1}},"117":{"start":{"line":118,"column":0},"end":{"line":118,"column":62}},"118":{"start":{"line":119,"column":0},"end":{"line":119,"column":26}},"119":{"start":{"line":120,"column":0},"end":{"line":120,"column":67}},"120":{"start":{"line":121,"column":0},"end":{"line":121,"column":3}},"121":{"start":{"line":122,"column":0},"end":{"line":122,"column":32}},"122":{"start":{"line":123,"column":0},"end":{"line":123,"column":61}},"123":{"start":{"line":124,"column":0},"end":{"line":124,"column":45}},"124":{"start":{"line":125,"column":0},"end":{"line":125,"column":3}},"125":{"start":{"line":126,"column":0},"end":{"line":126,"column":61}},"126":{"start":{"line":127,"column":0},"end":{"line":127,"column":45}},"127":{"start":{"line":128,"column":0},"end":{"line":128,"column":3}},"128":{"start":{"line":129,"column":0},"end":{"line":129,"column":61}},"129":{"start":{"line":130,"column":0},"end":{"line":130,"column":46}},"130":{"start":{"line":131,"column":0},"end":{"line":131,"column":3}},"131":{"start":{"line":132,"column":0},"end":{"line":132,"column":16}},"132":{"start":{"line":133,"column":0},"end":{"line":133,"column":1}},"134":{"start":{"line":135,"column":0},"end":{"line":135,"column":87}},"135":{"start":{"line":136,"column":0},"end":{"line":136,"column":61}},"136":{"start":{"line":137,"column":0},"end":{"line":137,"column":67}},"137":{"start":{"line":138,"column":0},"end":{"line":138,"column":42}},"138":{"start":{"line":139,"column":0},"end":{"line":139,"column":3}},"139":{"start":{"line":140,"column":0},"end":{"line":140,"column":61}},"140":{"start":{"line":141,"column":0},"end":{"line":141,"column":74}},"141":{"start":{"line":142,"column":0},"end":{"line":142,"column":42}},"142":{"start":{"line":143,"column":0},"end":{"line":143,"column":3}},"143":{"start":{"line":144,"column":0},"end":{"line":144,"column":61}},"144":{"start":{"line":145,"column":0},"end":{"line":145,"column":74}},"145":{"start":{"line":146,"column":0},"end":{"line":146,"column":42}},"146":{"start":{"line":147,"column":0},"end":{"line":147,"column":3}},"147":{"start":{"line":148,"column":0},"end":{"line":148,"column":14}},"148":{"start":{"line":149,"column":0},"end":{"line":149,"column":1}},"150":{"start":{"line":151,"column":0},"end":{"line":151,"column":37}},"151":{"start":{"line":152,"column":0},"end":{"line":152,"column":25}},"152":{"start":{"line":153,"column":0},"end":{"line":153,"column":13}},"153":{"start":{"line":154,"column":0},"end":{"line":154,"column":98}},"154":{"start":{"line":155,"column":0},"end":{"line":155,"column":35}},"155":{"start":{"line":156,"column":0},"end":{"line":156,"column":40}},"156":{"start":{"line":157,"column":0},"end":{"line":157,"column":41}},"157":{"start":{"line":158,"column":0},"end":{"line":158,"column":7}},"158":{"start":{"line":159,"column":0},"end":{"line":159,"column":49}},"159":{"start":{"line":160,"column":0},"end":{"line":160,"column":25}},"160":{"start":{"line":161,"column":0},"end":{"line":161,"column":66}},"161":{"start":{"line":162,"column":0},"end":{"line":162,"column":91}},"164":{"start":{"line":165,"column":0},"end":{"line":165,"column":49}},"165":{"start":{"line":166,"column":0},"end":{"line":166,"column":5}},"166":{"start":{"line":167,"column":0},"end":{"line":167,"column":17}},"167":{"start":{"line":168,"column":0},"end":{"line":168,"column":67}},"168":{"start":{"line":169,"column":0},"end":{"line":169,"column":3}},"169":{"start":{"line":170,"column":0},"end":{"line":170,"column":43}},"170":{"start":{"line":171,"column":0},"end":{"line":171,"column":1}},"172":{"start":{"line":173,"column":0},"end":{"line":173,"column":68}},"173":{"start":{"line":174,"column":0},"end":{"line":174,"column":29}},"174":{"start":{"line":175,"column":0},"end":{"line":175,"column":7}},"176":{"start":{"line":177,"column":0},"end":{"line":177,"column":33}},"177":{"start":{"line":178,"column":0},"end":{"line":178,"column":84}},"178":{"start":{"line":179,"column":0},"end":{"line":179,"column":40}},"179":{"start":{"line":180,"column":0},"end":{"line":180,"column":19}},"180":{"start":{"line":181,"column":0},"end":{"line":181,"column":11}},"181":{"start":{"line":182,"column":0},"end":{"line":182,"column":13}},"182":{"start":{"line":183,"column":0},"end":{"line":183,"column":3}},"183":{"start":{"line":184,"column":0},"end":{"line":184,"column":1}},"185":{"start":{"line":186,"column":0},"end":{"line":186,"column":32}},"186":{"start":{"line":187,"column":0},"end":{"line":187,"column":46}},"187":{"start":{"line":188,"column":0},"end":{"line":188,"column":23}},"188":{"start":{"line":189,"column":0},"end":{"line":189,"column":45}},"189":{"start":{"line":190,"column":0},"end":{"line":190,"column":106}},"190":{"start":{"line":191,"column":0},"end":{"line":191,"column":1}},"192":{"start":{"line":193,"column":0},"end":{"line":193,"column":36}},"194":{"start":{"line":195,"column":0},"end":{"line":195,"column":71}},"195":{"start":{"line":196,"column":0},"end":{"line":196,"column":38}},"196":{"start":{"line":197,"column":0},"end":{"line":197,"column":30}},"197":{"start":{"line":198,"column":0},"end":{"line":198,"column":30}},"198":{"start":{"line":199,"column":0},"end":{"line":199,"column":15}},"199":{"start":{"line":200,"column":0},"end":{"line":200,"column":1}},"201":{"start":{"line":202,"column":0},"end":{"line":202,"column":88}},"202":{"start":{"line":203,"column":0},"end":{"line":203,"column":32}},"203":{"start":{"line":204,"column":0},"end":{"line":204,"column":28}},"204":{"start":{"line":205,"column":0},"end":{"line":205,"column":50}},"205":{"start":{"line":206,"column":0},"end":{"line":206,"column":48}},"206":{"start":{"line":207,"column":0},"end":{"line":207,"column":39}},"207":{"start":{"line":208,"column":0},"end":{"line":208,"column":1}},"209":{"start":{"line":210,"column":0},"end":{"line":210,"column":64}},"210":{"start":{"line":211,"column":0},"end":{"line":211,"column":32}},"211":{"start":{"line":212,"column":0},"end":{"line":212,"column":28}},"212":{"start":{"line":213,"column":0},"end":{"line":213,"column":54}},"213":{"start":{"line":214,"column":0},"end":{"line":214,"column":67}},"214":{"start":{"line":215,"column":0},"end":{"line":215,"column":69}},"215":{"start":{"line":216,"column":0},"end":{"line":216,"column":18}},"216":{"start":{"line":217,"column":0},"end":{"line":217,"column":1}},"218":{"start":{"line":219,"column":0},"end":{"line":219,"column":71}},"219":{"start":{"line":220,"column":0},"end":{"line":220,"column":28}},"220":{"start":{"line":221,"column":0},"end":{"line":221,"column":42}},"221":{"start":{"line":222,"column":0},"end":{"line":222,"column":48}},"222":{"start":{"line":223,"column":0},"end":{"line":223,"column":39}},"223":{"start":{"line":224,"column":0},"end":{"line":224,"column":1}},"225":{"start":{"line":226,"column":0},"end":{"line":226,"column":54}},"226":{"start":{"line":227,"column":0},"end":{"line":227,"column":22}},"227":{"start":{"line":228,"column":0},"end":{"line":228,"column":12}},"228":{"start":{"line":229,"column":0},"end":{"line":229,"column":15}},"229":{"start":{"line":230,"column":0},"end":{"line":230,"column":31}},"230":{"start":{"line":231,"column":0},"end":{"line":231,"column":39}},"231":{"start":{"line":232,"column":0},"end":{"line":232,"column":1}},"233":{"start":{"line":234,"column":0},"end":{"line":234,"column":96}},"234":{"start":{"line":235,"column":0},"end":{"line":235,"column":94}},"235":{"start":{"line":236,"column":0},"end":{"line":236,"column":106}},"237":{"start":{"line":238,"column":0},"end":{"line":238,"column":57}},"238":{"start":{"line":239,"column":0},"end":{"line":239,"column":34}},"239":{"start":{"line":240,"column":0},"end":{"line":240,"column":7}},"240":{"start":{"line":241,"column":0},"end":{"line":241,"column":42}},"241":{"start":{"line":242,"column":0},"end":{"line":242,"column":11}},"242":{"start":{"line":243,"column":0},"end":{"line":243,"column":16}},"243":{"start":{"line":244,"column":0},"end":{"line":244,"column":3}},"244":{"start":{"line":245,"column":0},"end":{"line":245,"column":1}},"246":{"start":{"line":247,"column":0},"end":{"line":247,"column":59}},"247":{"start":{"line":248,"column":0},"end":{"line":248,"column":34}},"248":{"start":{"line":249,"column":0},"end":{"line":249,"column":7}},"249":{"start":{"line":250,"column":0},"end":{"line":250,"column":34}},"250":{"start":{"line":251,"column":0},"end":{"line":251,"column":54}},"251":{"start":{"line":252,"column":0},"end":{"line":252,"column":50}},"252":{"start":{"line":253,"column":0},"end":{"line":253,"column":49}},"253":{"start":{"line":254,"column":0},"end":{"line":254,"column":71}},"254":{"start":{"line":255,"column":0},"end":{"line":255,"column":61}},"255":{"start":{"line":256,"column":0},"end":{"line":256,"column":75}},"256":{"start":{"line":257,"column":0},"end":{"line":257,"column":53}},"257":{"start":{"line":258,"column":0},"end":{"line":258,"column":46}},"258":{"start":{"line":259,"column":0},"end":{"line":259,"column":11}},"259":{"start":{"line":260,"column":0},"end":{"line":260,"column":16}},"260":{"start":{"line":261,"column":0},"end":{"line":261,"column":3}},"261":{"start":{"line":262,"column":0},"end":{"line":262,"column":1}},"263":{"start":{"line":264,"column":0},"end":{"line":264,"column":76}},"264":{"start":{"line":265,"column":0},"end":{"line":265,"column":25}},"265":{"start":{"line":266,"column":0},"end":{"line":266,"column":25}},"266":{"start":{"line":267,"column":0},"end":{"line":267,"column":28}},"267":{"start":{"line":268,"column":0},"end":{"line":268,"column":26}},"268":{"start":{"line":269,"column":0},"end":{"line":269,"column":30}},"269":{"start":{"line":270,"column":0},"end":{"line":270,"column":29}},"270":{"start":{"line":271,"column":0},"end":{"line":271,"column":40}},"271":{"start":{"line":272,"column":0},"end":{"line":272,"column":40}},"272":{"start":{"line":273,"column":0},"end":{"line":273,"column":43}},"273":{"start":{"line":274,"column":0},"end":{"line":274,"column":41}},"274":{"start":{"line":275,"column":0},"end":{"line":275,"column":45}},"275":{"start":{"line":276,"column":0},"end":{"line":276,"column":44}},"276":{"start":{"line":277,"column":0},"end":{"line":277,"column":2}},"299":{"start":{"line":300,"column":0},"end":{"line":300,"column":94}},"300":{"start":{"line":301,"column":0},"end":{"line":301,"column":44}},"301":{"start":{"line":302,"column":0},"end":{"line":302,"column":54}},"302":{"start":{"line":303,"column":0},"end":{"line":303,"column":20}},"303":{"start":{"line":304,"column":0},"end":{"line":304,"column":20}},"304":{"start":{"line":305,"column":0},"end":{"line":305,"column":28}},"305":{"start":{"line":306,"column":0},"end":{"line":306,"column":6}},"306":{"start":{"line":307,"column":0},"end":{"line":307,"column":84}},"307":{"start":{"line":308,"column":0},"end":{"line":308,"column":62}},"308":{"start":{"line":309,"column":0},"end":{"line":309,"column":36}},"309":{"start":{"line":310,"column":0},"end":{"line":310,"column":39}},"310":{"start":{"line":311,"column":0},"end":{"line":311,"column":24}},"311":{"start":{"line":312,"column":0},"end":{"line":312,"column":70}},"312":{"start":{"line":313,"column":0},"end":{"line":313,"column":42}},"313":{"start":{"line":314,"column":0},"end":{"line":314,"column":34}},"314":{"start":{"line":315,"column":0},"end":{"line":315,"column":10}},"315":{"start":{"line":316,"column":0},"end":{"line":316,"column":16}},"316":{"start":{"line":317,"column":0},"end":{"line":317,"column":3}},"318":{"start":{"line":319,"column":0},"end":{"line":319,"column":65}},"319":{"start":{"line":320,"column":0},"end":{"line":320,"column":43}},"320":{"start":{"line":321,"column":0},"end":{"line":321,"column":61}},"321":{"start":{"line":322,"column":0},"end":{"line":322,"column":64}},"322":{"start":{"line":323,"column":0},"end":{"line":323,"column":47}},"323":{"start":{"line":324,"column":0},"end":{"line":324,"column":65}},"324":{"start":{"line":325,"column":0},"end":{"line":325,"column":44}},"325":{"start":{"line":326,"column":0},"end":{"line":326,"column":69}},"326":{"start":{"line":327,"column":0},"end":{"line":327,"column":27}},"327":{"start":{"line":328,"column":0},"end":{"line":328,"column":83}},"328":{"start":{"line":329,"column":0},"end":{"line":329,"column":69}},"329":{"start":{"line":330,"column":0},"end":{"line":330,"column":31}},"330":{"start":{"line":331,"column":0},"end":{"line":331,"column":20}},"331":{"start":{"line":332,"column":0},"end":{"line":332,"column":25}},"332":{"start":{"line":333,"column":0},"end":{"line":333,"column":3}},"334":{"start":{"line":335,"column":0},"end":{"line":335,"column":45}},"335":{"start":{"line":336,"column":0},"end":{"line":336,"column":65}},"336":{"start":{"line":337,"column":0},"end":{"line":337,"column":65}},"337":{"start":{"line":338,"column":0},"end":{"line":338,"column":63}},"338":{"start":{"line":339,"column":0},"end":{"line":339,"column":45}},"339":{"start":{"line":340,"column":0},"end":{"line":340,"column":67}},"340":{"start":{"line":341,"column":0},"end":{"line":341,"column":53}},"341":{"start":{"line":342,"column":0},"end":{"line":342,"column":37}},"342":{"start":{"line":343,"column":0},"end":{"line":343,"column":51}},"343":{"start":{"line":344,"column":0},"end":{"line":344,"column":4}},"344":{"start":{"line":345,"column":0},"end":{"line":345,"column":33}},"345":{"start":{"line":346,"column":0},"end":{"line":346,"column":56}},"346":{"start":{"line":347,"column":0},"end":{"line":347,"column":3}},"348":{"start":{"line":349,"column":0},"end":{"line":349,"column":10}},"349":{"start":{"line":350,"column":0},"end":{"line":350,"column":37}},"350":{"start":{"line":351,"column":0},"end":{"line":351,"column":25}},"351":{"start":{"line":352,"column":0},"end":{"line":352,"column":19}},"352":{"start":{"line":353,"column":0},"end":{"line":353,"column":34}},"353":{"start":{"line":354,"column":0},"end":{"line":354,"column":9}},"354":{"start":{"line":355,"column":0},"end":{"line":355,"column":28}},"355":{"start":{"line":356,"column":0},"end":{"line":356,"column":31}},"356":{"start":{"line":357,"column":0},"end":{"line":357,"column":18}},"357":{"start":{"line":358,"column":0},"end":{"line":358,"column":28}},"358":{"start":{"line":359,"column":0},"end":{"line":359,"column":32}},"359":{"start":{"line":360,"column":0},"end":{"line":360,"column":36}},"360":{"start":{"line":361,"column":0},"end":{"line":361,"column":28}},"361":{"start":{"line":362,"column":0},"end":{"line":362,"column":42}},"362":{"start":{"line":363,"column":0},"end":{"line":363,"column":42}},"363":{"start":{"line":364,"column":0},"end":{"line":364,"column":42}},"364":{"start":{"line":365,"column":0},"end":{"line":365,"column":30}},"365":{"start":{"line":366,"column":0},"end":{"line":366,"column":36}},"366":{"start":{"line":367,"column":0},"end":{"line":367,"column":13}},"367":{"start":{"line":368,"column":0},"end":{"line":368,"column":4}},"368":{"start":{"line":369,"column":0},"end":{"line":369,"column":1}},"370":{"start":{"line":371,"column":0},"end":{"line":371,"column":105}},"371":{"start":{"line":372,"column":0},"end":{"line":372,"column":50}},"372":{"start":{"line":373,"column":0},"end":{"line":373,"column":1}},"374":{"start":{"line":375,"column":0},"end":{"line":375,"column":42}},"375":{"start":{"line":376,"column":0},"end":{"line":376,"column":28}},"376":{"start":{"line":377,"column":0},"end":{"line":377,"column":44}},"377":{"start":{"line":378,"column":0},"end":{"line":378,"column":19}},"378":{"start":{"line":379,"column":0},"end":{"line":379,"column":23}},"379":{"start":{"line":380,"column":0},"end":{"line":380,"column":30}},"380":{"start":{"line":381,"column":0},"end":{"line":381,"column":58}},"381":{"start":{"line":382,"column":0},"end":{"line":382,"column":32}},"382":{"start":{"line":383,"column":0},"end":{"line":383,"column":33}},"383":{"start":{"line":384,"column":0},"end":{"line":384,"column":33}},"384":{"start":{"line":385,"column":0},"end":{"line":385,"column":35}},"385":{"start":{"line":386,"column":0},"end":{"line":386,"column":31}},"386":{"start":{"line":387,"column":0},"end":{"line":387,"column":38}},"387":{"start":{"line":388,"column":0},"end":{"line":388,"column":21}},"388":{"start":{"line":389,"column":0},"end":{"line":389,"column":21}},"389":{"start":{"line":390,"column":0},"end":{"line":390,"column":36}},"390":{"start":{"line":391,"column":0},"end":{"line":391,"column":52}},"391":{"start":{"line":392,"column":0},"end":{"line":392,"column":17}},"392":{"start":{"line":393,"column":0},"end":{"line":393,"column":44}},"393":{"start":{"line":394,"column":0},"end":{"line":394,"column":44}},"394":{"start":{"line":395,"column":0},"end":{"line":395,"column":44}},"395":{"start":{"line":396,"column":0},"end":{"line":396,"column":100}},"396":{"start":{"line":397,"column":0},"end":{"line":397,"column":52}},"397":{"start":{"line":398,"column":0},"end":{"line":398,"column":42}},"398":{"start":{"line":399,"column":0},"end":{"line":399,"column":3}},"400":{"start":{"line":401,"column":0},"end":{"line":401,"column":59}},"401":{"start":{"line":402,"column":0},"end":{"line":402,"column":22}},"402":{"start":{"line":403,"column":0},"end":{"line":403,"column":33}},"403":{"start":{"line":404,"column":0},"end":{"line":404,"column":3}},"405":{"start":{"line":406,"column":0},"end":{"line":406,"column":41}},"406":{"start":{"line":407,"column":0},"end":{"line":407,"column":28}},"407":{"start":{"line":408,"column":0},"end":{"line":408,"column":31}},"408":{"start":{"line":409,"column":0},"end":{"line":409,"column":39}},"409":{"start":{"line":410,"column":0},"end":{"line":410,"column":35}},"410":{"start":{"line":411,"column":0},"end":{"line":411,"column":37}},"411":{"start":{"line":412,"column":0},"end":{"line":412,"column":34}},"412":{"start":{"line":413,"column":0},"end":{"line":413,"column":39}},"413":{"start":{"line":414,"column":0},"end":{"line":414,"column":41}},"414":{"start":{"line":415,"column":0},"end":{"line":415,"column":41}},"415":{"start":{"line":416,"column":0},"end":{"line":416,"column":43}},"416":{"start":{"line":417,"column":0},"end":{"line":417,"column":3}},"419":{"start":{"line":420,"column":0},"end":{"line":420,"column":45}},"420":{"start":{"line":421,"column":0},"end":{"line":421,"column":35}},"421":{"start":{"line":422,"column":0},"end":{"line":422,"column":35}},"422":{"start":{"line":423,"column":0},"end":{"line":423,"column":35}},"423":{"start":{"line":424,"column":0},"end":{"line":424,"column":22}},"424":{"start":{"line":425,"column":0},"end":{"line":425,"column":3}},"426":{"start":{"line":427,"column":0},"end":{"line":427,"column":36}},"427":{"start":{"line":428,"column":0},"end":{"line":428,"column":28}},"428":{"start":{"line":429,"column":0},"end":{"line":429,"column":22}},"429":{"start":{"line":430,"column":0},"end":{"line":430,"column":37}},"430":{"start":{"line":431,"column":0},"end":{"line":431,"column":44}},"431":{"start":{"line":432,"column":0},"end":{"line":432,"column":64}},"432":{"start":{"line":433,"column":0},"end":{"line":433,"column":63}},"433":{"start":{"line":434,"column":0},"end":{"line":434,"column":38}},"434":{"start":{"line":435,"column":0},"end":{"line":435,"column":3}},"436":{"start":{"line":437,"column":0},"end":{"line":437,"column":36}},"437":{"start":{"line":438,"column":0},"end":{"line":438,"column":30}},"438":{"start":{"line":439,"column":0},"end":{"line":439,"column":22}},"439":{"start":{"line":440,"column":0},"end":{"line":440,"column":37}},"440":{"start":{"line":441,"column":0},"end":{"line":441,"column":20}},"441":{"start":{"line":442,"column":0},"end":{"line":442,"column":3}},"444":{"start":{"line":445,"column":0},"end":{"line":445,"column":39}},"445":{"start":{"line":446,"column":0},"end":{"line":446,"column":35}},"446":{"start":{"line":447,"column":0},"end":{"line":447,"column":36}},"447":{"start":{"line":448,"column":0},"end":{"line":448,"column":33}},"448":{"start":{"line":449,"column":0},"end":{"line":449,"column":3}},"451":{"start":{"line":452,"column":0},"end":{"line":452,"column":43}},"452":{"start":{"line":453,"column":0},"end":{"line":453,"column":18}},"453":{"start":{"line":454,"column":0},"end":{"line":454,"column":22}},"454":{"start":{"line":455,"column":0},"end":{"line":455,"column":37}},"455":{"start":{"line":456,"column":0},"end":{"line":456,"column":44}},"456":{"start":{"line":457,"column":0},"end":{"line":457,"column":64}},"457":{"start":{"line":458,"column":0},"end":{"line":458,"column":63}},"458":{"start":{"line":459,"column":0},"end":{"line":459,"column":42}},"459":{"start":{"line":460,"column":0},"end":{"line":460,"column":38}},"460":{"start":{"line":461,"column":0},"end":{"line":461,"column":46}},"461":{"start":{"line":462,"column":0},"end":{"line":462,"column":3}},"463":{"start":{"line":464,"column":0},"end":{"line":464,"column":184}},"464":{"start":{"line":465,"column":0},"end":{"line":465,"column":43}},"465":{"start":{"line":466,"column":0},"end":{"line":466,"column":29}},"466":{"start":{"line":467,"column":0},"end":{"line":467,"column":12}},"467":{"start":{"line":468,"column":0},"end":{"line":468,"column":15}},"468":{"start":{"line":469,"column":0},"end":{"line":469,"column":25}},"469":{"start":{"line":470,"column":0},"end":{"line":470,"column":23}},"470":{"start":{"line":471,"column":0},"end":{"line":471,"column":33}},"471":{"start":{"line":472,"column":0},"end":{"line":472,"column":47}},"472":{"start":{"line":473,"column":0},"end":{"line":473,"column":47}},"473":{"start":{"line":474,"column":0},"end":{"line":474,"column":35}},"474":{"start":{"line":475,"column":0},"end":{"line":475,"column":36}},"475":{"start":{"line":476,"column":0},"end":{"line":476,"column":6}},"476":{"start":{"line":477,"column":0},"end":{"line":477,"column":3}},"477":{"start":{"line":478,"column":0},"end":{"line":478,"column":27}},"478":{"start":{"line":479,"column":0},"end":{"line":479,"column":10}},"479":{"start":{"line":480,"column":0},"end":{"line":480,"column":14}},"480":{"start":{"line":481,"column":0},"end":{"line":481,"column":23}},"481":{"start":{"line":482,"column":0},"end":{"line":482,"column":21}},"482":{"start":{"line":483,"column":0},"end":{"line":483,"column":18}},"483":{"start":{"line":484,"column":0},"end":{"line":484,"column":25}},"484":{"start":{"line":485,"column":0},"end":{"line":485,"column":24}},"485":{"start":{"line":486,"column":0},"end":{"line":486,"column":19}},"486":{"start":{"line":487,"column":0},"end":{"line":487,"column":33}},"487":{"start":{"line":488,"column":0},"end":{"line":488,"column":34}},"488":{"start":{"line":489,"column":0},"end":{"line":489,"column":4}},"489":{"start":{"line":490,"column":0},"end":{"line":490,"column":1}},"491":{"start":{"line":492,"column":0},"end":{"line":492,"column":52}},"492":{"start":{"line":493,"column":0},"end":{"line":493,"column":44}},"493":{"start":{"line":494,"column":0},"end":{"line":494,"column":10}},"494":{"start":{"line":495,"column":0},"end":{"line":495,"column":38}},"495":{"start":{"line":496,"column":0},"end":{"line":496,"column":44}},"496":{"start":{"line":497,"column":0},"end":{"line":497,"column":46}},"497":{"start":{"line":498,"column":0},"end":{"line":498,"column":38}},"498":{"start":{"line":499,"column":0},"end":{"line":499,"column":42}},"499":{"start":{"line":500,"column":0},"end":{"line":500,"column":36}},"500":{"start":{"line":501,"column":0},"end":{"line":501,"column":46}},"501":{"start":{"line":502,"column":0},"end":{"line":502,"column":26}},"502":{"start":{"line":503,"column":0},"end":{"line":503,"column":36}},"503":{"start":{"line":504,"column":0},"end":{"line":504,"column":40}},"504":{"start":{"line":505,"column":0},"end":{"line":505,"column":4}},"505":{"start":{"line":506,"column":0},"end":{"line":506,"column":1}},"507":{"start":{"line":508,"column":0},"end":{"line":508,"column":29}},"508":{"start":{"line":509,"column":0},"end":{"line":509,"column":64}},"509":{"start":{"line":510,"column":0},"end":{"line":510,"column":5}},"510":{"start":{"line":511,"column":0},"end":{"line":511,"column":16}},"511":{"start":{"line":512,"column":0},"end":{"line":512,"column":112}},"512":{"start":{"line":513,"column":0},"end":{"line":513,"column":95}},"513":{"start":{"line":514,"column":0},"end":{"line":514,"column":121}},"514":{"start":{"line":515,"column":0},"end":{"line":515,"column":83}},"515":{"start":{"line":516,"column":0},"end":{"line":516,"column":67}},"516":{"start":{"line":517,"column":0},"end":{"line":517,"column":5}},"517":{"start":{"line":518,"column":0},"end":{"line":518,"column":101}},"518":{"start":{"line":519,"column":0},"end":{"line":519,"column":13}},"520":{"start":{"line":521,"column":0},"end":{"line":521,"column":46}},"521":{"start":{"line":522,"column":0},"end":{"line":522,"column":43}},"522":{"start":{"line":523,"column":0},"end":{"line":523,"column":31}},"523":{"start":{"line":524,"column":0},"end":{"line":524,"column":5}},"524":{"start":{"line":525,"column":0},"end":{"line":525,"column":29}},"525":{"start":{"line":526,"column":0},"end":{"line":526,"column":39}},"526":{"start":{"line":527,"column":0},"end":{"line":527,"column":35}},"527":{"start":{"line":528,"column":0},"end":{"line":528,"column":88}},"528":{"start":{"line":529,"column":0},"end":{"line":529,"column":68}},"529":{"start":{"line":530,"column":0},"end":{"line":530,"column":6}},"530":{"start":{"line":531,"column":0},"end":{"line":531,"column":5}},"531":{"start":{"line":532,"column":0},"end":{"line":532,"column":40}},"532":{"start":{"line":533,"column":0},"end":{"line":533,"column":5}},"533":{"start":{"line":534,"column":0},"end":{"line":534,"column":4}},"535":{"start":{"line":536,"column":0},"end":{"line":536,"column":31}},"536":{"start":{"line":537,"column":0},"end":{"line":537,"column":104}},"537":{"start":{"line":538,"column":0},"end":{"line":538,"column":98}},"538":{"start":{"line":539,"column":0},"end":{"line":539,"column":92}},"539":{"start":{"line":540,"column":0},"end":{"line":540,"column":62}},"540":{"start":{"line":541,"column":0},"end":{"line":541,"column":4}},"542":{"start":{"line":543,"column":0},"end":{"line":543,"column":37}},"543":{"start":{"line":544,"column":0},"end":{"line":544,"column":104}},"544":{"start":{"line":545,"column":0},"end":{"line":545,"column":98}},"545":{"start":{"line":546,"column":0},"end":{"line":546,"column":92}},"546":{"start":{"line":547,"column":0},"end":{"line":547,"column":71}},"547":{"start":{"line":548,"column":0},"end":{"line":548,"column":92}},"548":{"start":{"line":549,"column":0},"end":{"line":549,"column":4}},"550":{"start":{"line":551,"column":0},"end":{"line":551,"column":114}},"576":{"start":{"line":577,"column":0},"end":{"line":577,"column":59}},"577":{"start":{"line":578,"column":0},"end":{"line":578,"column":54}},"578":{"start":{"line":579,"column":0},"end":{"line":579,"column":39}},"579":{"start":{"line":580,"column":0},"end":{"line":580,"column":18}},"580":{"start":{"line":581,"column":0},"end":{"line":581,"column":82}},"581":{"start":{"line":582,"column":0},"end":{"line":582,"column":18}},"582":{"start":{"line":583,"column":0},"end":{"line":583,"column":3}},"585":{"start":{"line":586,"column":0},"end":{"line":586,"column":23}},"586":{"start":{"line":587,"column":0},"end":{"line":587,"column":24}},"587":{"start":{"line":588,"column":0},"end":{"line":588,"column":18}},"588":{"start":{"line":589,"column":0},"end":{"line":589,"column":7}},"589":{"start":{"line":590,"column":0},"end":{"line":590,"column":27}},"590":{"start":{"line":591,"column":0},"end":{"line":591,"column":89}},"591":{"start":{"line":592,"column":0},"end":{"line":592,"column":41}},"592":{"start":{"line":593,"column":0},"end":{"line":593,"column":53}},"593":{"start":{"line":594,"column":0},"end":{"line":594,"column":8}},"594":{"start":{"line":595,"column":0},"end":{"line":595,"column":54}},"595":{"start":{"line":596,"column":0},"end":{"line":596,"column":57}},"596":{"start":{"line":597,"column":0},"end":{"line":597,"column":31}},"597":{"start":{"line":598,"column":0},"end":{"line":598,"column":18}},"598":{"start":{"line":599,"column":0},"end":{"line":599,"column":96}},"599":{"start":{"line":600,"column":0},"end":{"line":600,"column":26}},"600":{"start":{"line":601,"column":0},"end":{"line":601,"column":12}},"601":{"start":{"line":602,"column":0},"end":{"line":602,"column":9}},"602":{"start":{"line":603,"column":0},"end":{"line":603,"column":61}},"603":{"start":{"line":604,"column":0},"end":{"line":604,"column":96}},"604":{"start":{"line":605,"column":0},"end":{"line":605,"column":50}},"605":{"start":{"line":606,"column":0},"end":{"line":606,"column":109}},"606":{"start":{"line":607,"column":0},"end":{"line":607,"column":7}},"607":{"start":{"line":608,"column":0},"end":{"line":608,"column":6}},"608":{"start":{"line":609,"column":0},"end":{"line":609,"column":10}},"609":{"start":{"line":610,"column":0},"end":{"line":610,"column":24}},"610":{"start":{"line":611,"column":0},"end":{"line":611,"column":18}},"611":{"start":{"line":612,"column":0},"end":{"line":612,"column":7}},"612":{"start":{"line":613,"column":0},"end":{"line":613,"column":27}},"613":{"start":{"line":614,"column":0},"end":{"line":614,"column":89}},"614":{"start":{"line":615,"column":0},"end":{"line":615,"column":41}},"615":{"start":{"line":616,"column":0},"end":{"line":616,"column":53}},"616":{"start":{"line":617,"column":0},"end":{"line":617,"column":8}},"617":{"start":{"line":618,"column":0},"end":{"line":618,"column":60}},"618":{"start":{"line":619,"column":0},"end":{"line":619,"column":57}},"619":{"start":{"line":620,"column":0},"end":{"line":620,"column":61}},"620":{"start":{"line":621,"column":0},"end":{"line":621,"column":13}},"621":{"start":{"line":622,"column":0},"end":{"line":622,"column":47}},"622":{"start":{"line":623,"column":0},"end":{"line":623,"column":53}},"624":{"start":{"line":625,"column":0},"end":{"line":625,"column":86}},"625":{"start":{"line":626,"column":0},"end":{"line":626,"column":70}},"626":{"start":{"line":627,"column":0},"end":{"line":627,"column":37}},"627":{"start":{"line":628,"column":0},"end":{"line":628,"column":19}},"628":{"start":{"line":629,"column":0},"end":{"line":629,"column":21}},"629":{"start":{"line":630,"column":0},"end":{"line":630,"column":24}},"630":{"start":{"line":631,"column":0},"end":{"line":631,"column":13}},"631":{"start":{"line":632,"column":0},"end":{"line":632,"column":52}},"632":{"start":{"line":633,"column":0},"end":{"line":633,"column":96}},"633":{"start":{"line":634,"column":0},"end":{"line":634,"column":21}},"634":{"start":{"line":635,"column":0},"end":{"line":635,"column":42}},"635":{"start":{"line":636,"column":0},"end":{"line":636,"column":76}},"636":{"start":{"line":637,"column":0},"end":{"line":637,"column":52}},"637":{"start":{"line":638,"column":0},"end":{"line":638,"column":111}},"638":{"start":{"line":639,"column":0},"end":{"line":639,"column":9}},"639":{"start":{"line":640,"column":0},"end":{"line":640,"column":7}},"640":{"start":{"line":641,"column":0},"end":{"line":641,"column":6}},"641":{"start":{"line":642,"column":0},"end":{"line":642,"column":3}},"643":{"start":{"line":644,"column":0},"end":{"line":644,"column":23}},"644":{"start":{"line":645,"column":0},"end":{"line":645,"column":24}},"645":{"start":{"line":646,"column":0},"end":{"line":646,"column":24}},"646":{"start":{"line":647,"column":0},"end":{"line":647,"column":7}},"647":{"start":{"line":648,"column":0},"end":{"line":648,"column":33}},"648":{"start":{"line":649,"column":0},"end":{"line":649,"column":92}},"649":{"start":{"line":650,"column":0},"end":{"line":650,"column":47}},"650":{"start":{"line":651,"column":0},"end":{"line":651,"column":53}},"651":{"start":{"line":652,"column":0},"end":{"line":652,"column":8}},"652":{"start":{"line":653,"column":0},"end":{"line":653,"column":54}},"653":{"start":{"line":654,"column":0},"end":{"line":654,"column":57}},"654":{"start":{"line":655,"column":0},"end":{"line":655,"column":31}},"655":{"start":{"line":656,"column":0},"end":{"line":656,"column":18}},"656":{"start":{"line":657,"column":0},"end":{"line":657,"column":96}},"657":{"start":{"line":658,"column":0},"end":{"line":658,"column":26}},"658":{"start":{"line":659,"column":0},"end":{"line":659,"column":12}},"659":{"start":{"line":660,"column":0},"end":{"line":660,"column":9}},"660":{"start":{"line":661,"column":0},"end":{"line":661,"column":61}},"661":{"start":{"line":662,"column":0},"end":{"line":662,"column":96}},"662":{"start":{"line":663,"column":0},"end":{"line":663,"column":50}},"663":{"start":{"line":664,"column":0},"end":{"line":664,"column":109}},"664":{"start":{"line":665,"column":0},"end":{"line":665,"column":7}},"665":{"start":{"line":666,"column":0},"end":{"line":666,"column":6}},"666":{"start":{"line":667,"column":0},"end":{"line":667,"column":10}},"667":{"start":{"line":668,"column":0},"end":{"line":668,"column":24}},"668":{"start":{"line":669,"column":0},"end":{"line":669,"column":24}},"669":{"start":{"line":670,"column":0},"end":{"line":670,"column":7}},"670":{"start":{"line":671,"column":0},"end":{"line":671,"column":33}},"671":{"start":{"line":672,"column":0},"end":{"line":672,"column":92}},"672":{"start":{"line":673,"column":0},"end":{"line":673,"column":47}},"673":{"start":{"line":674,"column":0},"end":{"line":674,"column":53}},"674":{"start":{"line":675,"column":0},"end":{"line":675,"column":8}},"675":{"start":{"line":676,"column":0},"end":{"line":676,"column":74}},"676":{"start":{"line":677,"column":0},"end":{"line":677,"column":13}},"677":{"start":{"line":678,"column":0},"end":{"line":678,"column":59}},"678":{"start":{"line":679,"column":0},"end":{"line":679,"column":47}},"679":{"start":{"line":680,"column":0},"end":{"line":680,"column":63}},"680":{"start":{"line":681,"column":0},"end":{"line":681,"column":72}},"681":{"start":{"line":682,"column":0},"end":{"line":682,"column":63}},"683":{"start":{"line":684,"column":0},"end":{"line":684,"column":71}},"684":{"start":{"line":685,"column":0},"end":{"line":685,"column":66}},"685":{"start":{"line":686,"column":0},"end":{"line":686,"column":98}},"687":{"start":{"line":688,"column":0},"end":{"line":688,"column":86}},"688":{"start":{"line":689,"column":0},"end":{"line":689,"column":74}},"689":{"start":{"line":690,"column":0},"end":{"line":690,"column":37}},"690":{"start":{"line":691,"column":0},"end":{"line":691,"column":19}},"691":{"start":{"line":692,"column":0},"end":{"line":692,"column":21}},"692":{"start":{"line":693,"column":0},"end":{"line":693,"column":24}},"693":{"start":{"line":694,"column":0},"end":{"line":694,"column":20}},"694":{"start":{"line":695,"column":0},"end":{"line":695,"column":13}},"695":{"start":{"line":696,"column":0},"end":{"line":696,"column":57}},"696":{"start":{"line":697,"column":0},"end":{"line":697,"column":25}},"697":{"start":{"line":698,"column":0},"end":{"line":698,"column":45}},"698":{"start":{"line":699,"column":0},"end":{"line":699,"column":36}},"699":{"start":{"line":700,"column":0},"end":{"line":700,"column":49}},"700":{"start":{"line":701,"column":0},"end":{"line":701,"column":14}},"701":{"start":{"line":702,"column":0},"end":{"line":702,"column":13}},"702":{"start":{"line":703,"column":0},"end":{"line":703,"column":96}},"703":{"start":{"line":704,"column":0},"end":{"line":704,"column":21}},"704":{"start":{"line":705,"column":0},"end":{"line":705,"column":59}},"705":{"start":{"line":706,"column":0},"end":{"line":706,"column":63}},"706":{"start":{"line":707,"column":0},"end":{"line":707,"column":24}},"707":{"start":{"line":708,"column":0},"end":{"line":708,"column":65}},"708":{"start":{"line":709,"column":0},"end":{"line":709,"column":25}},"709":{"start":{"line":710,"column":0},"end":{"line":710,"column":33}},"710":{"start":{"line":711,"column":0},"end":{"line":711,"column":103}},"711":{"start":{"line":712,"column":0},"end":{"line":712,"column":89}},"712":{"start":{"line":713,"column":0},"end":{"line":713,"column":52}},"713":{"start":{"line":714,"column":0},"end":{"line":714,"column":111}},"714":{"start":{"line":715,"column":0},"end":{"line":715,"column":9}},"715":{"start":{"line":716,"column":0},"end":{"line":716,"column":7}},"716":{"start":{"line":717,"column":0},"end":{"line":717,"column":6}},"717":{"start":{"line":718,"column":0},"end":{"line":718,"column":3}},"719":{"start":{"line":720,"column":0},"end":{"line":720,"column":22}},"720":{"start":{"line":721,"column":0},"end":{"line":721,"column":35}},"721":{"start":{"line":722,"column":0},"end":{"line":722,"column":5}},"722":{"start":{"line":723,"column":0},"end":{"line":723,"column":44}},"723":{"start":{"line":724,"column":0},"end":{"line":724,"column":118}},"724":{"start":{"line":725,"column":0},"end":{"line":725,"column":101}},"725":{"start":{"line":726,"column":0},"end":{"line":726,"column":43}},"726":{"start":{"line":727,"column":0},"end":{"line":727,"column":6}},"727":{"start":{"line":728,"column":0},"end":{"line":728,"column":28}},"728":{"start":{"line":729,"column":0},"end":{"line":729,"column":61}},"729":{"start":{"line":730,"column":0},"end":{"line":730,"column":156}},"730":{"start":{"line":731,"column":0},"end":{"line":731,"column":74}},"731":{"start":{"line":732,"column":0},"end":{"line":732,"column":5}},"732":{"start":{"line":733,"column":0},"end":{"line":733,"column":4}},"735":{"start":{"line":736,"column":0},"end":{"line":736,"column":22}},"736":{"start":{"line":737,"column":0},"end":{"line":737,"column":13}},"737":{"start":{"line":738,"column":0},"end":{"line":738,"column":5}},"738":{"start":{"line":739,"column":0},"end":{"line":739,"column":34}},"739":{"start":{"line":740,"column":0},"end":{"line":740,"column":99}},"740":{"start":{"line":741,"column":0},"end":{"line":741,"column":21}},"741":{"start":{"line":742,"column":0},"end":{"line":742,"column":24}},"742":{"start":{"line":743,"column":0},"end":{"line":743,"column":41}},"743":{"start":{"line":744,"column":0},"end":{"line":744,"column":38}},"744":{"start":{"line":745,"column":0},"end":{"line":745,"column":38}},"745":{"start":{"line":746,"column":0},"end":{"line":746,"column":40}},"746":{"start":{"line":747,"column":0},"end":{"line":747,"column":35}},"747":{"start":{"line":748,"column":0},"end":{"line":748,"column":35}},"748":{"start":{"line":749,"column":0},"end":{"line":749,"column":28}},"749":{"start":{"line":750,"column":0},"end":{"line":750,"column":35}},"750":{"start":{"line":751,"column":0},"end":{"line":751,"column":33}},"751":{"start":{"line":752,"column":0},"end":{"line":752,"column":36}},"752":{"start":{"line":753,"column":0},"end":{"line":753,"column":42}},"753":{"start":{"line":754,"column":0},"end":{"line":754,"column":48}},"754":{"start":{"line":755,"column":0},"end":{"line":755,"column":7}},"755":{"start":{"line":756,"column":0},"end":{"line":756,"column":6}},"756":{"start":{"line":757,"column":0},"end":{"line":757,"column":17}},"757":{"start":{"line":758,"column":0},"end":{"line":758,"column":39}},"758":{"start":{"line":759,"column":0},"end":{"line":759,"column":48}},"759":{"start":{"line":760,"column":0},"end":{"line":760,"column":14}},"760":{"start":{"line":761,"column":0},"end":{"line":761,"column":120}},"761":{"start":{"line":762,"column":0},"end":{"line":762,"column":38}},"762":{"start":{"line":763,"column":0},"end":{"line":763,"column":8}},"763":{"start":{"line":764,"column":0},"end":{"line":764,"column":5}},"764":{"start":{"line":765,"column":0},"end":{"line":765,"column":4}},"766":{"start":{"line":767,"column":0},"end":{"line":767,"column":22}},"767":{"start":{"line":768,"column":0},"end":{"line":768,"column":12}},"768":{"start":{"line":769,"column":0},"end":{"line":769,"column":5}},"769":{"start":{"line":770,"column":0},"end":{"line":770,"column":38}},"770":{"start":{"line":771,"column":0},"end":{"line":771,"column":91}},"771":{"start":{"line":772,"column":0},"end":{"line":772,"column":21}},"772":{"start":{"line":773,"column":0},"end":{"line":773,"column":25}},"773":{"start":{"line":774,"column":0},"end":{"line":774,"column":28}},"774":{"start":{"line":775,"column":0},"end":{"line":775,"column":42}},"775":{"start":{"line":776,"column":0},"end":{"line":776,"column":48}},"776":{"start":{"line":777,"column":0},"end":{"line":777,"column":37}},"777":{"start":{"line":778,"column":0},"end":{"line":778,"column":40}},"778":{"start":{"line":779,"column":0},"end":{"line":779,"column":42}},"779":{"start":{"line":780,"column":0},"end":{"line":780,"column":33}},"780":{"start":{"line":781,"column":0},"end":{"line":781,"column":31}},"781":{"start":{"line":782,"column":0},"end":{"line":782,"column":35}},"782":{"start":{"line":783,"column":0},"end":{"line":783,"column":31}},"783":{"start":{"line":784,"column":0},"end":{"line":784,"column":11}},"784":{"start":{"line":785,"column":0},"end":{"line":785,"column":8}},"785":{"start":{"line":786,"column":0},"end":{"line":786,"column":6}},"786":{"start":{"line":787,"column":0},"end":{"line":787,"column":17}},"787":{"start":{"line":788,"column":0},"end":{"line":788,"column":45}},"788":{"start":{"line":789,"column":0},"end":{"line":789,"column":23}},"789":{"start":{"line":790,"column":0},"end":{"line":790,"column":27}},"790":{"start":{"line":791,"column":0},"end":{"line":791,"column":33}},"791":{"start":{"line":792,"column":0},"end":{"line":792,"column":39}},"792":{"start":{"line":793,"column":0},"end":{"line":793,"column":51}},"793":{"start":{"line":794,"column":0},"end":{"line":794,"column":70}},"794":{"start":{"line":795,"column":0},"end":{"line":795,"column":80}},"795":{"start":{"line":796,"column":0},"end":{"line":796,"column":50}},"796":{"start":{"line":797,"column":0},"end":{"line":797,"column":47}},"797":{"start":{"line":798,"column":0},"end":{"line":798,"column":22}},"798":{"start":{"line":799,"column":0},"end":{"line":799,"column":40}},"799":{"start":{"line":800,"column":0},"end":{"line":800,"column":58}},"800":{"start":{"line":801,"column":0},"end":{"line":801,"column":10}},"801":{"start":{"line":802,"column":0},"end":{"line":802,"column":17}},"802":{"start":{"line":803,"column":0},"end":{"line":803,"column":14}},"803":{"start":{"line":804,"column":0},"end":{"line":804,"column":63}},"804":{"start":{"line":805,"column":0},"end":{"line":805,"column":35}},"805":{"start":{"line":806,"column":0},"end":{"line":806,"column":8}},"806":{"start":{"line":807,"column":0},"end":{"line":807,"column":5}},"807":{"start":{"line":808,"column":0},"end":{"line":808,"column":4}},"810":{"start":{"line":811,"column":0},"end":{"line":811,"column":22}},"811":{"start":{"line":812,"column":0},"end":{"line":812,"column":17}},"812":{"start":{"line":813,"column":0},"end":{"line":813,"column":5}},"813":{"start":{"line":814,"column":0},"end":{"line":814,"column":93}},"814":{"start":{"line":815,"column":0},"end":{"line":815,"column":20}},"815":{"start":{"line":816,"column":0},"end":{"line":816,"column":60}},"816":{"start":{"line":817,"column":0},"end":{"line":817,"column":43}},"817":{"start":{"line":818,"column":0},"end":{"line":818,"column":59}},"818":{"start":{"line":819,"column":0},"end":{"line":819,"column":44}},"819":{"start":{"line":820,"column":0},"end":{"line":820,"column":8}},"820":{"start":{"line":821,"column":0},"end":{"line":821,"column":21}},"821":{"start":{"line":822,"column":0},"end":{"line":822,"column":33}},"822":{"start":{"line":823,"column":0},"end":{"line":823,"column":30}},"823":{"start":{"line":824,"column":0},"end":{"line":824,"column":27}},"824":{"start":{"line":825,"column":0},"end":{"line":825,"column":46}},"825":{"start":{"line":826,"column":0},"end":{"line":826,"column":44}},"826":{"start":{"line":827,"column":0},"end":{"line":827,"column":54}},"827":{"start":{"line":828,"column":0},"end":{"line":828,"column":54}},"828":{"start":{"line":829,"column":0},"end":{"line":829,"column":56}},"829":{"start":{"line":830,"column":0},"end":{"line":830,"column":46}},"830":{"start":{"line":831,"column":0},"end":{"line":831,"column":11}},"831":{"start":{"line":832,"column":0},"end":{"line":832,"column":7}},"832":{"start":{"line":833,"column":0},"end":{"line":833,"column":6}},"833":{"start":{"line":834,"column":0},"end":{"line":834,"column":75}},"834":{"start":{"line":835,"column":0},"end":{"line":835,"column":11}},"835":{"start":{"line":836,"column":0},"end":{"line":836,"column":45}},"836":{"start":{"line":837,"column":0},"end":{"line":837,"column":48}},"837":{"start":{"line":838,"column":0},"end":{"line":838,"column":65}},"838":{"start":{"line":839,"column":0},"end":{"line":839,"column":43}},"839":{"start":{"line":840,"column":0},"end":{"line":840,"column":11}},"840":{"start":{"line":841,"column":0},"end":{"line":841,"column":40}},"841":{"start":{"line":842,"column":0},"end":{"line":842,"column":63}},"842":{"start":{"line":843,"column":0},"end":{"line":843,"column":18}},"843":{"start":{"line":844,"column":0},"end":{"line":844,"column":31}},"844":{"start":{"line":845,"column":0},"end":{"line":845,"column":25}},"845":{"start":{"line":846,"column":0},"end":{"line":846,"column":49}},"846":{"start":{"line":847,"column":0},"end":{"line":847,"column":74}},"847":{"start":{"line":848,"column":0},"end":{"line":848,"column":39}},"848":{"start":{"line":849,"column":0},"end":{"line":849,"column":49}},"849":{"start":{"line":850,"column":0},"end":{"line":850,"column":53}},"850":{"start":{"line":851,"column":0},"end":{"line":851,"column":49}},"851":{"start":{"line":852,"column":0},"end":{"line":852,"column":12}},"852":{"start":{"line":853,"column":0},"end":{"line":853,"column":11}},"853":{"start":{"line":854,"column":0},"end":{"line":854,"column":52}},"854":{"start":{"line":855,"column":0},"end":{"line":855,"column":16}},"855":{"start":{"line":856,"column":0},"end":{"line":856,"column":64}},"856":{"start":{"line":857,"column":0},"end":{"line":857,"column":28}},"857":{"start":{"line":858,"column":0},"end":{"line":858,"column":10}},"858":{"start":{"line":859,"column":0},"end":{"line":859,"column":19}},"859":{"start":{"line":860,"column":0},"end":{"line":860,"column":146}},"860":{"start":{"line":861,"column":0},"end":{"line":861,"column":60}},"861":{"start":{"line":862,"column":0},"end":{"line":862,"column":7}},"862":{"start":{"line":863,"column":0},"end":{"line":863,"column":5}},"863":{"start":{"line":864,"column":0},"end":{"line":864,"column":4}},"866":{"start":{"line":867,"column":0},"end":{"line":867,"column":22}},"867":{"start":{"line":868,"column":0},"end":{"line":868,"column":19}},"868":{"start":{"line":869,"column":0},"end":{"line":869,"column":5}},"869":{"start":{"line":870,"column":0},"end":{"line":870,"column":89}},"870":{"start":{"line":871,"column":0},"end":{"line":871,"column":20}},"871":{"start":{"line":872,"column":0},"end":{"line":872,"column":45}},"872":{"start":{"line":873,"column":0},"end":{"line":873,"column":43}},"873":{"start":{"line":874,"column":0},"end":{"line":874,"column":60}},"874":{"start":{"line":875,"column":0},"end":{"line":875,"column":58}},"875":{"start":{"line":876,"column":0},"end":{"line":876,"column":69}},"876":{"start":{"line":877,"column":0},"end":{"line":877,"column":68}},"877":{"start":{"line":878,"column":0},"end":{"line":878,"column":65}},"878":{"start":{"line":879,"column":0},"end":{"line":879,"column":8}},"879":{"start":{"line":880,"column":0},"end":{"line":880,"column":21}},"880":{"start":{"line":881,"column":0},"end":{"line":881,"column":51}},"881":{"start":{"line":882,"column":0},"end":{"line":882,"column":27}},"882":{"start":{"line":883,"column":0},"end":{"line":883,"column":35}},"883":{"start":{"line":884,"column":0},"end":{"line":884,"column":29}},"884":{"start":{"line":885,"column":0},"end":{"line":885,"column":28}},"885":{"start":{"line":886,"column":0},"end":{"line":886,"column":48}},"886":{"start":{"line":887,"column":0},"end":{"line":887,"column":53}},"887":{"start":{"line":888,"column":0},"end":{"line":888,"column":22}},"888":{"start":{"line":889,"column":0},"end":{"line":889,"column":7}},"889":{"start":{"line":890,"column":0},"end":{"line":890,"column":6}},"890":{"start":{"line":891,"column":0},"end":{"line":891,"column":135}},"891":{"start":{"line":892,"column":0},"end":{"line":892,"column":44}},"892":{"start":{"line":893,"column":0},"end":{"line":893,"column":97}},"893":{"start":{"line":894,"column":0},"end":{"line":894,"column":7}},"894":{"start":{"line":895,"column":0},"end":{"line":895,"column":11}},"895":{"start":{"line":896,"column":0},"end":{"line":896,"column":36}},"896":{"start":{"line":897,"column":0},"end":{"line":897,"column":53}},"897":{"start":{"line":898,"column":0},"end":{"line":898,"column":64}},"898":{"start":{"line":899,"column":0},"end":{"line":899,"column":151}},"899":{"start":{"line":900,"column":0},"end":{"line":900,"column":42}},"900":{"start":{"line":901,"column":0},"end":{"line":901,"column":69}},"901":{"start":{"line":902,"column":0},"end":{"line":902,"column":73}},"902":{"start":{"line":903,"column":0},"end":{"line":903,"column":44}},"903":{"start":{"line":904,"column":0},"end":{"line":904,"column":124}},"904":{"start":{"line":905,"column":0},"end":{"line":905,"column":34}},"914":{"start":{"line":915,"column":0},"end":{"line":915,"column":42}},"915":{"start":{"line":916,"column":0},"end":{"line":916,"column":43}},"916":{"start":{"line":917,"column":0},"end":{"line":917,"column":142}},"917":{"start":{"line":918,"column":0},"end":{"line":918,"column":161}},"918":{"start":{"line":919,"column":0},"end":{"line":919,"column":39}},"919":{"start":{"line":920,"column":0},"end":{"line":920,"column":47}},"920":{"start":{"line":921,"column":0},"end":{"line":921,"column":35}},"921":{"start":{"line":922,"column":0},"end":{"line":922,"column":33}},"922":{"start":{"line":923,"column":0},"end":{"line":923,"column":73}},"923":{"start":{"line":924,"column":0},"end":{"line":924,"column":34}},"924":{"start":{"line":925,"column":0},"end":{"line":925,"column":12}},"925":{"start":{"line":926,"column":0},"end":{"line":926,"column":9}},"926":{"start":{"line":927,"column":0},"end":{"line":927,"column":68}},"927":{"start":{"line":928,"column":0},"end":{"line":928,"column":16}},"928":{"start":{"line":929,"column":0},"end":{"line":929,"column":41}},"929":{"start":{"line":930,"column":0},"end":{"line":930,"column":28}},"930":{"start":{"line":931,"column":0},"end":{"line":931,"column":10}},"931":{"start":{"line":932,"column":0},"end":{"line":932,"column":19}},"932":{"start":{"line":933,"column":0},"end":{"line":933,"column":166}},"933":{"start":{"line":934,"column":0},"end":{"line":934,"column":60}},"934":{"start":{"line":935,"column":0},"end":{"line":935,"column":7}},"935":{"start":{"line":936,"column":0},"end":{"line":936,"column":5}},"936":{"start":{"line":937,"column":0},"end":{"line":937,"column":4}},"939":{"start":{"line":940,"column":0},"end":{"line":940,"column":22}},"940":{"start":{"line":941,"column":0},"end":{"line":941,"column":22}},"941":{"start":{"line":942,"column":0},"end":{"line":942,"column":5}},"942":{"start":{"line":943,"column":0},"end":{"line":943,"column":80}},"943":{"start":{"line":944,"column":0},"end":{"line":944,"column":20}},"944":{"start":{"line":945,"column":0},"end":{"line":945,"column":33}},"945":{"start":{"line":946,"column":0},"end":{"line":946,"column":45}},"946":{"start":{"line":947,"column":0},"end":{"line":947,"column":43}},"947":{"start":{"line":948,"column":0},"end":{"line":948,"column":50}},"948":{"start":{"line":949,"column":0},"end":{"line":949,"column":48}},"949":{"start":{"line":950,"column":0},"end":{"line":950,"column":40}},"950":{"start":{"line":951,"column":0},"end":{"line":951,"column":48}},"951":{"start":{"line":952,"column":0},"end":{"line":952,"column":60}},"952":{"start":{"line":953,"column":0},"end":{"line":953,"column":51}},"953":{"start":{"line":954,"column":0},"end":{"line":954,"column":57}},"954":{"start":{"line":955,"column":0},"end":{"line":955,"column":8}},"955":{"start":{"line":956,"column":0},"end":{"line":956,"column":21}},"956":{"start":{"line":957,"column":0},"end":{"line":957,"column":44}},"957":{"start":{"line":958,"column":0},"end":{"line":958,"column":7}},"958":{"start":{"line":959,"column":0},"end":{"line":959,"column":6}},"959":{"start":{"line":960,"column":0},"end":{"line":960,"column":22}},"960":{"start":{"line":961,"column":0},"end":{"line":961,"column":114}},"961":{"start":{"line":962,"column":0},"end":{"line":962,"column":16}},"962":{"start":{"line":963,"column":0},"end":{"line":963,"column":133}},"963":{"start":{"line":964,"column":0},"end":{"line":964,"column":24}},"964":{"start":{"line":965,"column":0},"end":{"line":965,"column":10}},"965":{"start":{"line":966,"column":0},"end":{"line":966,"column":7}},"966":{"start":{"line":967,"column":0},"end":{"line":967,"column":11}},"967":{"start":{"line":968,"column":0},"end":{"line":968,"column":43}},"968":{"start":{"line":969,"column":0},"end":{"line":969,"column":29}},"969":{"start":{"line":970,"column":0},"end":{"line":970,"column":45}},"970":{"start":{"line":971,"column":0},"end":{"line":971,"column":54}},"971":{"start":{"line":972,"column":0},"end":{"line":972,"column":54}},"972":{"start":{"line":973,"column":0},"end":{"line":973,"column":50}},"973":{"start":{"line":974,"column":0},"end":{"line":974,"column":45}},"974":{"start":{"line":975,"column":0},"end":{"line":975,"column":61}},"975":{"start":{"line":976,"column":0},"end":{"line":976,"column":29}},"976":{"start":{"line":977,"column":0},"end":{"line":977,"column":31}},"977":{"start":{"line":978,"column":0},"end":{"line":978,"column":67}},"978":{"start":{"line":979,"column":0},"end":{"line":979,"column":11}},"979":{"start":{"line":980,"column":0},"end":{"line":980,"column":49}},"980":{"start":{"line":981,"column":0},"end":{"line":981,"column":102}},"981":{"start":{"line":982,"column":0},"end":{"line":982,"column":53}},"982":{"start":{"line":983,"column":0},"end":{"line":983,"column":84}},"983":{"start":{"line":984,"column":0},"end":{"line":984,"column":57}},"984":{"start":{"line":985,"column":0},"end":{"line":985,"column":9}},"985":{"start":{"line":986,"column":0},"end":{"line":986,"column":48}},"986":{"start":{"line":987,"column":0},"end":{"line":987,"column":38}},"987":{"start":{"line":988,"column":0},"end":{"line":988,"column":57}},"988":{"start":{"line":989,"column":0},"end":{"line":989,"column":44}},"989":{"start":{"line":990,"column":0},"end":{"line":990,"column":25}},"990":{"start":{"line":991,"column":0},"end":{"line":991,"column":48}},"991":{"start":{"line":992,"column":0},"end":{"line":992,"column":72}},"992":{"start":{"line":993,"column":0},"end":{"line":993,"column":104}},"993":{"start":{"line":994,"column":0},"end":{"line":994,"column":11}},"994":{"start":{"line":995,"column":0},"end":{"line":995,"column":79}},"995":{"start":{"line":996,"column":0},"end":{"line":996,"column":54}},"996":{"start":{"line":997,"column":0},"end":{"line":997,"column":11}},"997":{"start":{"line":998,"column":0},"end":{"line":998,"column":16}},"998":{"start":{"line":999,"column":0},"end":{"line":999,"column":64}},"999":{"start":{"line":1000,"column":0},"end":{"line":1000,"column":49}},"1000":{"start":{"line":1001,"column":0},"end":{"line":1001,"column":10}},"1001":{"start":{"line":1002,"column":0},"end":{"line":1002,"column":19}},"1002":{"start":{"line":1003,"column":0},"end":{"line":1003,"column":67}},"1003":{"start":{"line":1004,"column":0},"end":{"line":1004,"column":92}},"1004":{"start":{"line":1005,"column":0},"end":{"line":1005,"column":18}},"1005":{"start":{"line":1006,"column":0},"end":{"line":1006,"column":135}},"1006":{"start":{"line":1007,"column":0},"end":{"line":1007,"column":26}},"1007":{"start":{"line":1008,"column":0},"end":{"line":1008,"column":12}},"1008":{"start":{"line":1009,"column":0},"end":{"line":1009,"column":9}},"1009":{"start":{"line":1010,"column":0},"end":{"line":1010,"column":123}},"1010":{"start":{"line":1011,"column":0},"end":{"line":1011,"column":60}},"1011":{"start":{"line":1012,"column":0},"end":{"line":1012,"column":7}},"1012":{"start":{"line":1013,"column":0},"end":{"line":1013,"column":3}},"1013":{"start":{"line":1014,"column":0},"end":{"line":1014,"column":2}},"1016":{"start":{"line":1017,"column":0},"end":{"line":1017,"column":22}},"1017":{"start":{"line":1018,"column":0},"end":{"line":1018,"column":13}},"1018":{"start":{"line":1019,"column":0},"end":{"line":1019,"column":5}},"1019":{"start":{"line":1020,"column":0},"end":{"line":1020,"column":31}},"1020":{"start":{"line":1021,"column":0},"end":{"line":1021,"column":112}},"1021":{"start":{"line":1022,"column":0},"end":{"line":1022,"column":20}},"1022":{"start":{"line":1023,"column":0},"end":{"line":1023,"column":66}},"1023":{"start":{"line":1024,"column":0},"end":{"line":1024,"column":97}},"1024":{"start":{"line":1025,"column":0},"end":{"line":1025,"column":106}},"1025":{"start":{"line":1026,"column":0},"end":{"line":1026,"column":131}},"1026":{"start":{"line":1027,"column":0},"end":{"line":1027,"column":109}},"1027":{"start":{"line":1028,"column":0},"end":{"line":1028,"column":8}},"1028":{"start":{"line":1029,"column":0},"end":{"line":1029,"column":21}},"1029":{"start":{"line":1030,"column":0},"end":{"line":1030,"column":35}},"1030":{"start":{"line":1031,"column":0},"end":{"line":1031,"column":25}},"1031":{"start":{"line":1032,"column":0},"end":{"line":1032,"column":28}},"1032":{"start":{"line":1033,"column":0},"end":{"line":1033,"column":37}},"1033":{"start":{"line":1034,"column":0},"end":{"line":1034,"column":30}},"1034":{"start":{"line":1035,"column":0},"end":{"line":1035,"column":30}},"1035":{"start":{"line":1036,"column":0},"end":{"line":1036,"column":43}},"1036":{"start":{"line":1037,"column":0},"end":{"line":1037,"column":33}},"1037":{"start":{"line":1038,"column":0},"end":{"line":1038,"column":42}},"1038":{"start":{"line":1039,"column":0},"end":{"line":1039,"column":43}},"1039":{"start":{"line":1040,"column":0},"end":{"line":1040,"column":45}},"1040":{"start":{"line":1041,"column":0},"end":{"line":1041,"column":13}},"1041":{"start":{"line":1042,"column":0},"end":{"line":1042,"column":12}},"1042":{"start":{"line":1043,"column":0},"end":{"line":1043,"column":8}},"1043":{"start":{"line":1044,"column":0},"end":{"line":1044,"column":6}},"1044":{"start":{"line":1045,"column":0},"end":{"line":1045,"column":68}},"1045":{"start":{"line":1046,"column":0},"end":{"line":1046,"column":40}},"1046":{"start":{"line":1047,"column":0},"end":{"line":1047,"column":26}},"1047":{"start":{"line":1048,"column":0},"end":{"line":1048,"column":58}},"1048":{"start":{"line":1049,"column":0},"end":{"line":1049,"column":7}},"1049":{"start":{"line":1050,"column":0},"end":{"line":1050,"column":90}},"1050":{"start":{"line":1051,"column":0},"end":{"line":1051,"column":79}},"1051":{"start":{"line":1052,"column":0},"end":{"line":1052,"column":63}},"1052":{"start":{"line":1053,"column":0},"end":{"line":1053,"column":37}},"1053":{"start":{"line":1054,"column":0},"end":{"line":1054,"column":22}},"1054":{"start":{"line":1055,"column":0},"end":{"line":1055,"column":64}},"1055":{"start":{"line":1056,"column":0},"end":{"line":1056,"column":37}},"1056":{"start":{"line":1057,"column":0},"end":{"line":1057,"column":60}},"1057":{"start":{"line":1058,"column":0},"end":{"line":1058,"column":9}},"1058":{"start":{"line":1059,"column":0},"end":{"line":1059,"column":32}},"1059":{"start":{"line":1060,"column":0},"end":{"line":1060,"column":7}},"1060":{"start":{"line":1061,"column":0},"end":{"line":1061,"column":11}},"1061":{"start":{"line":1062,"column":0},"end":{"line":1062,"column":43}},"1062":{"start":{"line":1063,"column":0},"end":{"line":1063,"column":30}},"1063":{"start":{"line":1064,"column":0},"end":{"line":1064,"column":38}},"1064":{"start":{"line":1065,"column":0},"end":{"line":1065,"column":48}},"1065":{"start":{"line":1066,"column":0},"end":{"line":1066,"column":21}},"1066":{"start":{"line":1067,"column":0},"end":{"line":1067,"column":29}},"1067":{"start":{"line":1068,"column":0},"end":{"line":1068,"column":39}},"1068":{"start":{"line":1069,"column":0},"end":{"line":1069,"column":11}},"1069":{"start":{"line":1070,"column":0},"end":{"line":1070,"column":102}},"1070":{"start":{"line":1071,"column":0},"end":{"line":1071,"column":53}},"1071":{"start":{"line":1072,"column":0},"end":{"line":1072,"column":84}},"1072":{"start":{"line":1073,"column":0},"end":{"line":1073,"column":57}},"1073":{"start":{"line":1074,"column":0},"end":{"line":1074,"column":9}},"1074":{"start":{"line":1075,"column":0},"end":{"line":1075,"column":54}},"1075":{"start":{"line":1076,"column":0},"end":{"line":1076,"column":49}},"1076":{"start":{"line":1077,"column":0},"end":{"line":1077,"column":38}},"1077":{"start":{"line":1078,"column":0},"end":{"line":1078,"column":61}},"1078":{"start":{"line":1079,"column":0},"end":{"line":1079,"column":29}},"1079":{"start":{"line":1080,"column":0},"end":{"line":1080,"column":21}},"1080":{"start":{"line":1081,"column":0},"end":{"line":1081,"column":64}},"1081":{"start":{"line":1082,"column":0},"end":{"line":1082,"column":27}},"1082":{"start":{"line":1083,"column":0},"end":{"line":1083,"column":50}},"1083":{"start":{"line":1084,"column":0},"end":{"line":1084,"column":84}},"1084":{"start":{"line":1085,"column":0},"end":{"line":1085,"column":118}},"1085":{"start":{"line":1086,"column":0},"end":{"line":1086,"column":20}},"1086":{"start":{"line":1087,"column":0},"end":{"line":1087,"column":94}},"1087":{"start":{"line":1088,"column":0},"end":{"line":1088,"column":13}},"1088":{"start":{"line":1089,"column":0},"end":{"line":1089,"column":75}},"1089":{"start":{"line":1090,"column":0},"end":{"line":1090,"column":49}},"1090":{"start":{"line":1091,"column":0},"end":{"line":1091,"column":89}},"1091":{"start":{"line":1092,"column":0},"end":{"line":1092,"column":18}},"1092":{"start":{"line":1093,"column":0},"end":{"line":1093,"column":34}},"1093":{"start":{"line":1094,"column":0},"end":{"line":1094,"column":11}},"1094":{"start":{"line":1095,"column":0},"end":{"line":1095,"column":114}},"1095":{"start":{"line":1096,"column":0},"end":{"line":1096,"column":65}},"1096":{"start":{"line":1097,"column":0},"end":{"line":1097,"column":44}},"1097":{"start":{"line":1098,"column":0},"end":{"line":1098,"column":56}},"1098":{"start":{"line":1099,"column":0},"end":{"line":1099,"column":52}},"1099":{"start":{"line":1100,"column":0},"end":{"line":1100,"column":46}},"1100":{"start":{"line":1101,"column":0},"end":{"line":1101,"column":50}},"1101":{"start":{"line":1102,"column":0},"end":{"line":1102,"column":11}},"1102":{"start":{"line":1103,"column":0},"end":{"line":1103,"column":73}},"1103":{"start":{"line":1104,"column":0},"end":{"line":1104,"column":58}},"1104":{"start":{"line":1105,"column":0},"end":{"line":1105,"column":82}},"1105":{"start":{"line":1106,"column":0},"end":{"line":1106,"column":127}},"1106":{"start":{"line":1107,"column":0},"end":{"line":1107,"column":18}},"1107":{"start":{"line":1108,"column":0},"end":{"line":1108,"column":25}},"1108":{"start":{"line":1109,"column":0},"end":{"line":1109,"column":76}},"1109":{"start":{"line":1110,"column":0},"end":{"line":1110,"column":60}},"1110":{"start":{"line":1111,"column":0},"end":{"line":1111,"column":20}},"1111":{"start":{"line":1112,"column":0},"end":{"line":1112,"column":23}},"1112":{"start":{"line":1113,"column":0},"end":{"line":1113,"column":38}},"1113":{"start":{"line":1114,"column":0},"end":{"line":1114,"column":35}},"1114":{"start":{"line":1115,"column":0},"end":{"line":1115,"column":71}},"1115":{"start":{"line":1116,"column":0},"end":{"line":1116,"column":35}},"1116":{"start":{"line":1117,"column":0},"end":{"line":1117,"column":39}},"1117":{"start":{"line":1118,"column":0},"end":{"line":1118,"column":14}},"1118":{"start":{"line":1119,"column":0},"end":{"line":1119,"column":12}},"1119":{"start":{"line":1120,"column":0},"end":{"line":1120,"column":11}},"1120":{"start":{"line":1121,"column":0},"end":{"line":1121,"column":16}},"1121":{"start":{"line":1122,"column":0},"end":{"line":1122,"column":60}},"1122":{"start":{"line":1123,"column":0},"end":{"line":1123,"column":10}},"1123":{"start":{"line":1124,"column":0},"end":{"line":1124,"column":23}},"1124":{"start":{"line":1125,"column":0},"end":{"line":1125,"column":79}},"1125":{"start":{"line":1126,"column":0},"end":{"line":1126,"column":16}},"1126":{"start":{"line":1127,"column":0},"end":{"line":1127,"column":80}},"1127":{"start":{"line":1128,"column":0},"end":{"line":1128,"column":24}},"1128":{"start":{"line":1129,"column":0},"end":{"line":1129,"column":10}},"1129":{"start":{"line":1130,"column":0},"end":{"line":1130,"column":7}},"1130":{"start":{"line":1131,"column":0},"end":{"line":1131,"column":5}},"1131":{"start":{"line":1132,"column":0},"end":{"line":1132,"column":4}},"1133":{"start":{"line":1134,"column":0},"end":{"line":1134,"column":22}},"1134":{"start":{"line":1135,"column":0},"end":{"line":1135,"column":12}},"1135":{"start":{"line":1136,"column":0},"end":{"line":1136,"column":5}},"1136":{"start":{"line":1137,"column":0},"end":{"line"
[...]
52":0,"253":0,"270":1,"271":1,"273":0,"274":0,"275":0,"276":0,"277":0,"278":0,"279":0,"280":0,"281":0,"282":0,"283":0,"284":0,"285":0,"286":0,"287":0,"288":0,"289":0,"290":0,"291":0,"292":0,"294":1,"295":0,"296":0,"297":0,"298":0,"299":0,"300":0,"301":0,"302":0,"303":0,"304":0,"305":0,"306":0,"307":0,"308":0,"309":0,"311":2,"312":2,"313":2,"314":2,"315":2,"316":2,"317":2,"318":2,"319":2,"320":2,"321":2,"323":2,"324":2,"325":2,"326":2,"327":0,"328":0,"329":0,"330":0,"331":0,"332":0,"333":0,"334":0,"335":2,"336":2,"338":1,"339":0,"341":0,"342":0,"343":0,"347":0,"348":0,"350":0,"351":0,"353":0,"354":0,"357":0,"358":0,"360":0,"361":0,"363":0,"364":0,"366":0,"367":0,"368":0,"369":0,"370":0,"376":0,"377":0,"378":0,"379":0,"380":0,"381":0,"382":0,"383":0,"385":0,"386":0,"387":0,"388":0,"389":0,"396":0,"397":0,"398":0,"399":0,"400":0,"401":0,"402":0,"403":0,"404":0,"405":0,"406":0,"407":0,"408":0,"409":0,"410":0,"411":0,"412":0,"413":0,"414":0,"415":0,"416":0,"417":0,"418":0,"419":0,"420":0,"421":0,"425":0,"426":0,"427":0,"428":0,"430":0,"431":0,"432":0,"433":0,"434":0,"435":0,"436":0,"437":0,"438":0,"439":0,"440":0,"441":0,"442":0,"443":0,"444":0,"446":0,"447":0,"448":0,"449":0,"450":0,"451":0,"452":0,"453":0,"454":0,"455":0,"456":0,"457":0,"458":0,"459":0,"460":0,"461":0,"462":0,"463":0,"464":0,"465":0,"466":0,"467":0,"468":0,"469":0,"470":0,"471":0,"472":0,"473":0,"474":0,"475":0,"476":0,"477":0,"478":0,"479":0,"480":0,"488":0,"489":0,"490":0,"491":0,"492":0,"493":0,"494":0,"495":0,"496":0,"498":0,"499":0,"500":0,"501":0,"502":0,"503":0,"504":0,"505":0,"507":0,"512":0,"514":0,"515":0,"517":0,"518":0,"519":0,"520":0,"521":0,"522":0,"523":0,"524":0,"528":0,"529":0,"530":0,"531":0,"532":0,"533":0,"534":0,"535":0,"536":0,"537":0,"538":0,"548":0,"558":0,"560":0,"562":0,"563":0,"564":0,"566":0,"567":0,"568":0,"569":0,"570":0,"574":0,"576":0,"578":0,"579":0,"580":0,"581":0,"583":0,"584":0,"585":0,"586":0,"587":0,"588":0,"593":0,"595":0,"601":0,"603":0,"604":0,"605":0,"606":0,"608":2,"609":2,"610":2,"611":2,"612":2,"613":2,"616":2,"618":2,"619":2,"620":2,"621":1,"622":1,"624":2,"625":2,"626":2,"627":2,"628":2,"629":2,"630":2,"631":2,"632":2,"637":2,"653":2,"654":2,"655":2,"656":1,"657":1,"672":0,"673":0,"674":0,"675":0,"676":0,"677":0,"678":0,"679":0,"680":0,"681":0,"683":0,"684":0,"685":0,"686":0,"687":0,"688":0,"689":0,"690":0,"691":0,"694":0,"695":0,"696":0,"697":0,"698":0,"699":0,"700":0,"704":0,"706":0,"709":0,"710":0,"711":0,"712":0,"713":0,"714":0,"715":0,"716":0,"717":0,"718":0,"719":0,"720":0,"722":0,"723":0,"724":0,"725":0,"729":0,"730":0,"731":0,"733":0,"735":0,"736":0,"737":0,"738":0,"739":0,"740":0,"741":0,"742":0,"743":0,"744":0,"747":0,"748":0,"749":0,"750":0,"751":0,"752":0,"753":0,"758":0,"759":0,"761":0,"762":0,"763":0,"764":0,"765":0,"766":0,"767":0,"768":0,"769":0,"770":0,"771":0,"772":0,"773":0,"774":0,"775":0,"776":0,"777":0,"778":0,"779":0,"780":0,"781":0,"782":0,"784":0,"785":0,"786":0,"788":0,"791":0,"792":0,"793":0,"794":0,"795":0,"796":0,"797":0,"798":0,"802":0,"804":0,"805":0,"806":0,"810":0,"811":0,"812":0,"813":0,"817":0,"819":0,"820":0,"821":0,"822":0,"823":0,"824":0,"825":0,"826":0,"827":0,"828":0,"829":0,"830":0,"831":0,"832":0,"834":0,"835":0,"836":0,"837":0,"838":0,"839":0,"840":0,"841":0,"842":0,"843":0,"845":0,"846":0,"847":0,"848":0,"849":0,"850":0,"851":0,"863":0,"873":0,"875":0,"884":0,"885":0,"886":0,"887":0,"888":0,"889":0,"890":0,"891":0,"892":0,"893":0,"894":0},"branchMap":{"0":{"type":"branch","line":102,"loc":{"start":{"line":102,"column":7},"end":{"line":104,"column":1}},"locations":[{"start":{"line":102,"column":7},"end":{"line":104,"column":1}}]},"1":{"type":"branch","line":106,"loc":{"start":{"line":106,"column":0},"end":{"line":124,"column":1}},"locations":[{"start":{"line":106,"column":0},"end":{"line":124,"column":1}}]},"2":{"type":"branch","line":107,"loc":{"start":{"line":107,"column":21},"end":{"line":123,"column":3}},"locations":[{"start":{"line":107,"column":21},"end":{"line":123,"column":3}}]},"3":{"type":"branch","line":110,"loc":{"start":{"line":110,"column":89},"end":{"line":122,"column":5}},"locations":[{"start":{"line":110,"column":89},"end":{"line":122,"column":5}}]},"4":{"type":"branch","line":111,"loc":{"start":{"line":111,"column":15},"end":{"line":113,"column":7}},"locations":[{"start":{"line":111,"column":15},"end":{"line":113,"column":7}}]},"5":{"type":"branch","line":115,"loc":{"start":{"line":115,"column":16},"end":{"line":115,"column":35}},"locations":[{"start":{"line":115,"column":16},"end":{"line":115,"column":35}}]},"6":{"type":"branch","line":119,"loc":{"start":{"line":119,"column":6},"end":{"line":121,"column":7}},"locations":[{"start":{"line":119,"column":6},"end":{"line":121,"column":7}}]},"7":{"type":"branch","line":312,"loc":{"start":{"line":312,"column":0},"end":{"line":322,"column":1}},"locations":[{"start":{"line":312,"column":0},"end":{"line":322,"column":1}}]},"8":{"type":"branch","line":318,"loc":{"start":{"line":318,"column":30},"end":{"line":318,"column":43}},"locations":[{"start":{"line":318,"column":30},"end":{"line":318,"column":43}}]},"9":{"type":"branch","line":324,"loc":{"start":{"line":324,"column":0},"end":{"line":337,"column":1}},"locations":[{"start":{"line":324,"column":0},"end":{"line":337,"column":1}}]},"10":{"type":"branch","line":327,"loc":{"start":{"line":327,"column":17},"end":{"line":335,"column":3}},"locations":[{"start":{"line":327,"column":17},"end":{"line":335,"column":3}}]},"11":{"type":"branch","line":609,"loc":{"start":{"line":609,"column":0},"end":{"line":623,"column":1}},"locations":[{"start":{"line":609,"column":0},"end":{"line":623,"column":1}}]},"12":{"type":"branch","line":611,"loc":{"start":{"line":611,"column":16},"end":{"line":611,"column":28}},"locations":[{"start":{"line":611,"column":16},"end":{"line":611,"column":28}}]},"13":{"type":"branch","line":620,"loc":{"start":{"line":620,"column":22},"end":{"line":620,"column":33}},"locations":[{"start":{"line":620,"column":22},"end":{"line":620,"column":33}}]},"14":{"type":"branch","line":621,"loc":{"start":{"line":621,"column":23},"end":{"line":621,"column":60}},"locations":[{"start":{"line":621,"column":23},"end":{"line":621,"column":60}}]},"15":{"type":"branch","line":621,"loc":{"start":{"line":621,"column":60},"end":{"line":623,"column":1}},"locations":[{"start":{"line":621,"column":60},"end":{"line":623,"column":1}}]},"16":{"type":"branch","line":625,"loc":{"start":{"line":625,"column":0},"end":{"line":658,"column":1}},"locations":[{"start":{"line":625,"column":0},"end":{"line":658,"column":1}}]},"17":{"type":"branch","line":627,"loc":{"start":{"line":627,"column":16},"end":{"line":627,"column":28}},"locations":[{"start":{"line":627,"column":16},"end":{"line":627,"column":28}}]},"18":{"type":"branch","line":630,"loc":{"start":{"line":630,"column":23},"end":{"line":630,"column":35}},"locations":[{"start":{"line":630,"column":23},"end":{"line":630,"column":35}}]},"19":{"type":"branch","line":632,"loc":{"start":{"line":632,"column":19},"end":{"line":632,"column":31}},"locations":[{"start":{"line":632,"column":19},"end":{"line":632,"column":31}}]},"20":{"type":"branch","line":655,"loc":{"start":{"line":655,"column":22},"end":{"line":655,"column":33}},"locations":[{"start":{"line":655,"column":22},"end":{"line":655,"column":33}}]},"21":{"type":"branch","line":656,"loc":{"start":{"line":656,"column":23},"end":{"line":656,"column":60}},"locations":[{"start":{"line":656,"column":23},"end":{"line":656,"column":60}}]},"22":{"type":"branch","line":656,"loc":{"start":{"line":656,"column":60},"end":{"line":658,"column":1}},"locations":[{"start":{"line":656,"column":60},"end":{"line":658,"column":1}}]},"23":{"type":"branch","line":631,"loc":{"start":{"line":631,"column":33},"end":{"line":631,"column":70}},"locations":[{"start":{"line":631,"column":33},"end":{"line":631,"column":70}}]}},"b":{"0":[5],"1":[6],"2":[6],"3":[6],"4":[0],"5":[0],"6":[0],"7":[2],"8":[4],"9":[2],"10":[0],"11":[2],"12":[0],"13":[1],"14":[1],"15":[1],"16":[2],"17":[0],"18":[0],"19":[0],"20":[1],"21":[1],"22":[1],"23":[2]},"fnMap":{"0":{"name":"getChatDbPath","decl":{"start":{"line":102,"column":7},"end":{"line":104,"column":1}},"loc":{"start":{"line":102,"column":7},"end":{"line":104,"column":1}},"line":102},"1":{"name":"runSqliteJSON","decl":{"start":{"line":106,"column":0},"end":{"line":124,"column":1}},"loc":{"start":{"line":106,"column":0},"end":{"line":124,"column":1}},"line":106},"2":{"name":"decodeAttributedBodyHexLegacy","decl":{"start":{"line":128,"column":0},"end":{"line":175,"column":1}},"loc":{"start":{"line":128,"column":0},"end":{"line":175,"column":1}},"line":128},"3":{"name":"convertParsedMessage","decl":{"start":{"line":177,"column":0},"end":{"line":214,"column":1}},"loc":{"start":{"line":177,"column":0},"end":{"line":214,"column":1}},"line":177},"4":{"name":"decodeAttributedBody","decl":{"start":{"line":216,"column":0},"end":{"line":254,"column":1}},"loc":{"start":{"line":216,"column":0},"end":{"line":254,"column":1}},"line":216},"5":{"name":"getMessageColumnSupport","decl":{"start":{"line":274,"column":0},"end":{"line":293,"column":1}},"loc":{"start":{"line":274,"column":0},"end":{"line":293,"column":1}},"line":274},"6":{"name":"resolveAttachmentPath","decl":{"start":{"line":295,"column":7},"end":{"line":310,"column":1}},"loc":{"start":{"line":295,"column":7},"end":{"line":310,"column":1}},"line":295},"7":{"name":"tableHasColumn","decl":{"start":{"line":312,"column":0},"end":{"line":322,"column":1}},"loc":{"start":{"line":312,"column":0},"end":{"line":322,"column":1}},"line":312},"8":{"name":"resolveHandlesForParticipant","decl":{"start":{"line":324,"column":0},"end":{"line":337,"column":1}},"loc":{"start":{"line":324,"column":0},"end":{"line":337,"column":1}},"line":324},"9":{"name":"appleEpochToUnixMs","decl":{"start":{"line":339,"column":7},"end":{"line":371,"column":1}},"loc":{"start":{"line":339,"column":7},"end":{"line":371,"column":1}},"line":339},"10":{"name":"detectAppleDateScale","decl":{"start":{"line":377,"column":0},"end":{"line":384,"column":1}},"loc":{"start":{"line":377,"column":0},"end":{"line":384,"column":1}},"line":377},"11":{"name":"unixMsToAppleRaw","decl":{"start":{"line":386,"column":0},"end":{"line":390,"column":1}},"loc":{"start":{"line":386,"column":0},"end":{"line":390,"column":1}},"line":386},"12":{"name":"buildMessageSelect","decl":{"start":{"line":397,"column":0},"end":{"line":429,"column":1}},"loc":{"start":{"line":397,"column":0},"end":{"line":429,"column":1}},"line":397},"13":{"name":"parseAttachmentConcat","decl":{"start":{"line":431,"column":0},"end":{"line":445,"column":1}},"loc":{"start":{"line":431,"column":0},"end":{"line":445,"column":1}},"line":431},"14":{"name":"hydrateAttributedBodies","decl":{"start":{"line":447,"column":0},"end":{"line":481,"column":1}},"loc":{"start":{"line":447,"column":0},"end":{"line":481,"column":1}},"line":447},"15":{"name":"listChats","decl":{"start":{"line":489,"column":0},"end":{"line":565,"column":1}},"loc":{"start":{"line":489,"column":0},"end":{"line":565,"column":1}},"line":489},"16":{"name":"getMessagesByChatId","decl":{"start":{"line":567,"column":0},"end":{"line":582,"column":1}},"loc":{"start":{"line":567,"column":0},"end":{"line":582,"column":1}},"line":567},"17":{"name":"getMessagesByParticipant","decl":{"start":{"line":584,"column":0},"end":{"line":607,"column":1}},"loc":{"start":{"line":584,"column":0},"end":{"line":607,"column":1}},"line":584},"18":{"name":"getChatIdByDisplayName","decl":{"start":{"line":609,"column":0},"end":{"line":623,"column":1}},"loc":{"start":{"line":609,"column":0},"end":{"line":623,"column":1}},"line":609},"19":{"name":"getChatIdByParticipant","decl":{"start":{"line":625,"column":0},"end":{"line":658,"column":1}},"loc":{"start":{"line":625,"column":0},"end":{"line":658,"column":1}},"line":625},"20":{"name":"searchMessages","decl":{"start":{"line":673,"column":0},"end":{"line":783,"column":1}},"loc":{"start":{"line":673,"column":0},"end":{"line":783,"column":1}},"line":673},"21":{"name":"contextAroundMessage","decl":{"start":{"line":785,"column":0},"end":{"line":833,"column":1}},"loc":{"start":{"line":785,"column":0},"end":{"line":833,"column":1}},"line":785},"22":{"name":"getChatIdByGuid","decl":{"start":{"line":835,"column":0},"end":{"line":844,"column":1}},"loc":{"start":{"line":835,"column":0},"end":{"line":844,"column":1}},"line":835},"23":{"name":"getAttachmentsForMessages","decl":{"start":{"line":846,"column":0},"end":{"line":895,"column":1}},"loc":{"start":{"line":846,"column":0},"end":{"line":895,"column":1}},"line":846}},"f":{"0":5,"1":6,"2":0,"3":0,"4":0,"5":0,"6":0,"7":2,"8":2,"9":0,"10":0,"11":0,"12":0,"13":0,"14":0,"15":0,"16":0,"17":0,"18":2,"19":2,"20":0,"21":0,"22":0,"23":0}}
,"/Users/matthias/github/messages.app-mcp/src/utils/version.ts": {"path":"/Users/matthias/github/messages.app-mcp/src/utils/version.ts","all":false,"statementMap":{"0":{"start":{"line":1,"column":0},"end":{"line":1,"column":46}},"1":{"start":{"line":2,"column":0},"end":{"line":2,"column":44}},"3":{"start":{"line":4,"column":0},"end":{"line":4,"column":47}},"4":{"start":{"line":5,"column":0},"end":{"line":5,"column":81}},"13":{"start":{"line":14,"column":0},"end":{"line":14,"column":42}},"15":{"start":{"line":16,"column":0},"end":{"line":16,"column":93}},"16":{"start":{"line":17,"column":0},"end":{"line":17,"column":7}},"17":{"start":{"line":18,"column":0},"end":{"line":18,"column":65}},"18":{"start":{"line":19,"column":0},"end":{"line":19,"column":15}},"19":{"start":{"line":20,"column":0},"end":{"line":20,"column":14}},"20":{"start":{"line":21,"column":0},"end":{"line":21,"column":30}},"21":{"start":{"line":22,"column":0},"end":{"line":22,"column":26}},"22":{"start":{"line":23,"column":0},"end":{"line":23,"column":34}},"23":{"start":{"line":24,"column":0},"end":{"line":24,"column":67}},"24":{"start":{"line":25,"column":0},"end":{"line":25,"column":44}},"25":{"start":{"line":26,"column":0},"end":{"line":26,"column":9}},"26":{"start":{"line":27,"column":0},"end":{"line":27,"column":8}},"27":{"start":{"line":28,"column":0},"end":{"line":28,"column":7}},"28":{"start":{"line":29,"column":0},"end":{"line":29,"column":50}},"29":{"start":{"line":30,"column":0},"end":{"line":30,"column":45}},"30":{"start":{"line":31,"column":0},"end":{"line":31,"column":11}},"31":{"start":{"line":32,"column":0},"end":{"line":32,"column":39}},"32":{"start":{"line":33,"column":0},"end":{"line":33,"column":3}},"33":{"start":{"line":34,"column":0},"end":{"line":34,"column":1}},"35":{"start":{"line":36,"column":0},"end":{"line":36,"column":62}},"36":{"start":{"line":37,"column":0},"end":{"line":37,"column":36}},"37":{"start":{"line":38,"column":0},"end":{"line":38,"column":111}},"38":{"start":{"line":39,"column":0},"end":{"line":39,"column":112}},"39":{"start":{"line":40,"column":0},"end":{"line":40,"column":53}},"40":{"start":{"line":41,"column":0},"end":{"line":41,"column":16}},"41":{"start":{"line":42,"column":0},"end":{"line":42,"column":19}},"42":{"start":{"line":43,"column":0},"end":{"line":43,"column":25}},"43":{"start":{"line":44,"column":0},"end":{"line":44,"column":21}},"44":{"start":{"line":45,"column":0},"end":{"line":45,"column":28}},"45":{"start":{"line":46,"column":0},"end":{"line":46,"column":4}},"46":{"start":{"line":47,"column":0},"end":{"line":47,"column":20}},"47":{"start":{"line":48,"column":0},"end":{"line":48,"column":1}},"49":{"start":{"line":50,"column":0},"end":{"line":50,"column":51}},"50":{"start":{"line":51,"column":0},"end":{"line":51,"column":36}},"51":{"start":{"line":52,"column":0},"end":{"line":52,"column":111}},"52":{"start":{"line":53,"column":0},"end":{"line":53,"column":112}},"53":{"start":{"line":54,"column":0},"end":{"line":54,"column":16}},"54":{"start":{"line":55,"column":0},"end":{"line":55,"column":19}},"55":{"start":{"line":56,"column":0},"end":{"line":56,"column":25}},"56":{"start":{"line":57,"column":0},"end":{"line":57,"column":21}},"57":{"start":{"line":58,"column":0},"end":{"line":58,"column":27}},"58":{"start":{"line":59,"column":0},"end":{"line":59,"column":4}},"59":{"start":{"line":60,"column":0},"end":{"line":60,"column":20}},"60":{"start":{"line":61,"column":0},"end":{"line":61,"column":1}}},"s":{"0":1,"1":1,"3":1,"4":1,"13":1,"15":3,"16":3,"17":3,"18":3,"19":3,"20":3,"21":3,"22":3,"23":3,"24":2,"25":3,"26":3,"27":3,"28":3,"29":2,"30":2,"31":1,"32":1,"33":3,"35":3,"36":3,"37":3,"38":3,"39":3,"40":3,"41":3,"42":3,"43":3,"44":3,"45":3,"46":3,"47":3,"49":1,"50":0,"51":0,"52":0,"53":0,"54":0,"55":0,"56":0,"57":0,"58":0,"59":0,"60":0},"branchMap":{"0":{"type":"branch","line":16,"loc":{"start":{"line":16,"column":0},"end":{"line":34,"column":1}},"locations":[{"start":{"line":16,"column":0},"end":{"line":34,"column":1}}]},"1":{"type":"branch","line":28,"loc":{"start":{"line":28,"column":5},"end":{"line":29,"column":22}},"locations":[{"start":{"line":28,"column":5},"end":{"line":29,"column":22}}]},"2":{"type":"branch","line":29,"loc":{"start":{"line":29,"column":15},"end":{"line":29,"column":50}},"locations":[{"start":{"line":29,"column":15},"end":{"line":29,"column":50}}]},"3":{"type":"branch","line":29,"loc":{"start":{"line":29,"column":48},"end":{"line":33,"column":3}},"locations":[{"start":{"line":29,"column":48},"end":{"line":33,"column":3}}]},"4":{"type":"branch","line":31,"loc":{"start":{"line":31,"column":2},"end":{"line":33,"column":3}},"locations":[{"start":{"line":31,"column":2},"end":{"line":33,"column":3}}]},"5":{"type":"branch","line":18,"loc":{"start":{"line":18,"column":43},"end":{"line":28,"column":5}},"locations":[{"start":{"line":18,"column":43},"end":{"line":28,"column":5}}]},"6":{"type":"branch","line":23,"loc":{"start":{"line":23,"column":8},"end":{"line":26,"column":9}},"locations":[{"start":{"line":23,"column":8},"end":{"line":26,"column":9}}]},"7":{"type":"branch","line":24,"loc":{"start":{"line":24,"column":19},"end":{"line":24,"column":67}},"locations":[{"start":{"line":24,"column":19},"end":{"line":24,"column":67}}]},"8":{"type":"branch","line":24,"loc":{"start":{"line":24,"column":43},"end":{"line":24,"column":64}},"locations":[{"start":{"line":24,"column":43},"end":{"line":24,"column":64}}]},"9":{"type":"branch","line":24,"loc":{"start":{"line":24,"column":65},"end":{"line":25,"column":44}},"locations":[{"start":{"line":24,"column":65},"end":{"line":25,"column":44}}]},"10":{"type":"branch","line":36,"loc":{"start":{"line":36,"column":0},"end":{"line":48,"column":1}},"locations":[{"start":{"line":36,"column":0},"end":{"line":48,"column":1}}]},"11":{"type":"branch","line":37,"loc":{"start":{"line":37,"column":18},"end":{"line":37,"column":36}},"locations":[{"start":{"line":37,"column":18},"end":{"line":37,"column":36}}]},"12":{"type":"branch","line":38,"loc":{"start":{"line":38,"column":85},"end":{"line":38,"column":111}},"locations":[{"start":{"line":38,"column":85},"end":{"line":38,"column":111}}]},"13":{"type":"branch","line":39,"loc":{"start":{"line":39,"column":94},"end":{"line":39,"column":112}},"locations":[{"start":{"line":39,"column":94},"end":{"line":39,"column":112}}]}},"b":{"0":[3],"1":[2],"2":[0],"3":[2],"4":[1],"5":[3],"6":[3],"7":[1],"8":[0],"9":[2],"10":[3],"11":[0],"12":[0],"13":[0]},"fnMap":{"0":{"name":"resolveGitRevision","decl":{"start":{"line":16,"column":0},"end":{"line":34,"column":1}},"loc":{"start":{"line":16,"column":0},"end":{"line":34,"column":1}},"line":16},"1":{"name":"full","decl":{"start":{"line":18,"column":43},"end":{"line":28,"column":5}},"loc":{"start":{"line":18,"column":43},"end":{"line":28,"column":5}},"line":18},"2":{"name":"getVersionInfo","decl":{"start":{"line":36,"column":0},"end":{"line":48,"column":1}},"loc":{"start":{"line":36,"column":0},"end":{"line":48,"column":1}},"line":36},"3":{"name":"getVersionInfoSync","decl":{"start":{"line":50,"column":7},"end":{"line":61,"column":1}},"loc":{"start":{"line":50,"column":7},"end":{"line":61,"column":1}},"line":50}},"f":{"0":3,"1":3,"2":3,"3":0}}
}
